#
# A fatal error has been detected by the Java Runtime Environment:
#
#  EXCEPTION_ACCESS_VIOLATION (0xc0000005) at pc=0x00007fffdebfe0a9, pid=10896, tid=4784
#
# JRE version: OpenJDK Runtime Environment Microsoft-8035246 (17.0.8+7) (build 17.0.8+7-LTS)
# Java VM: OpenJDK 64-Bit Server VM Microsoft-8035246 (17.0.8+7-LTS, mixed mode, sharing, tiered, compressed oops, compressed class ptrs, g1 gc, windows-amd64)
# Problematic frame:
# V  [jvm.dll+0x2be0a9]
#
# No core dump will be written. Minidumps are not enabled by default on client versions of Windows
#
# If you would like to submit a bug report, please visit:
#   https://github.com/microsoft/openjdk/issues
#

---------------  S U M M A R Y ------------

Command Line: -XX:MaxMetaspaceSize=512m --add-opens=java.base/java.util=ALL-UNNAMED --add-opens=java.base/java.lang=ALL-UNNAMED --add-opens=java.base/java.lang.invoke=ALL-UNNAMED --add-opens=java.prefs/java.util.prefs=ALL-UNNAMED --add-opens=java.base/java.nio.charset=ALL-UNNAMED --add-opens=java.base/java.net=ALL-UNNAMED --add-opens=java.base/java.util.concurrent.atomic=ALL-UNNAMED -Xmx2048m -Dfile.encoding=windows-1252 -Duser.country=US -Duser.language=en -Duser.variant -javaagent:C:\Users\Asus\.gradle\wrapper\dists\gradle-8.8-all\6gdy1pgp427xkqcjbxw3ylt6h\gradle-8.8\lib\agents\gradle-instrumentation-agent-8.8.jar org.gradle.launcher.daemon.bootstrap.GradleDaemon 8.8

Host: Intel(R) Core(TM) i5-3570K CPU @ 3.40GHz, 4 cores, 7G,  Windows 10 , 64 bit Build 19041 (10.0.19041.4957)
Time: Sat Oct 19 08:10:06 2024 Pacific Daylight Time elapsed time: 38.653297 seconds (0d 0h 0m 38s)

---------------  T H R E A D  ---------------

Current thread (0x000001a73bcf4dc0):  JavaThread "C2 CompilerThread0" daemon [_thread_in_native, id=4784, stack(0x0000004ad7900000,0x0000004ad7a00000)]


Current CompileTask:
C2:  38653 10782       4       org.gradle.cache.internal.ExclusiveCacheAccessingWorker$1::call (10 bytes)

Stack: [0x0000004ad7900000,0x0000004ad7a00000],  sp=0x0000004ad79fb5d0,  free space=1005k
Native frames: (J=compiled Java code, j=interpreted, Vv=VM code, C=native code)
V  [jvm.dll+0x2be0a9]
V  [jvm.dll+0x21ba8b]
V  [jvm.dll+0x21944b]
V  [jvm.dll+0x1a56b6]
V  [jvm.dll+0x2291ea]
V  [jvm.dll+0x22724c]
V  [jvm.dll+0x7efd0c]
V  [jvm.dll+0x7ea13a]
V  [jvm.dll+0x67ad85]
C  [ucrtbase.dll+0x21bb2]
C  [KERNEL32.DLL+0x17374]
C  [ntdll.dll+0x4cc91]


siginfo: EXCEPTION_ACCESS_VIOLATION (0xc0000005), reading address 0x0000000000000028


Register to memory mapping:

RIP=0x00007fffdebfe0a9 jvm.dll
RAX=0x000001a75e7a76b0 points into unknown readable memory: 0x0000000000000000 | 00 00 00 00 00 00 00 00
RBX=0x00000000000017e0 is an unknown value
RCX=0x0 is NULL
RDX=0x0 is NULL
RSP=0x0000004ad79fb5d0 is pointing into the stack for thread: 0x000001a73bcf4dc0
RBP=0x0000004ad79fb640 is pointing into the stack for thread: 0x000001a73bcf4dc0
RSI=0x0 is NULL
RDI=0x0000000000000048 is an unknown value
R8 =0x000000000000ffe0 is an unknown value
R9 =0x0 is NULL
R10=0x00007ff841ca0000 VCRUNTIME140.dll
R11=0x000001a75e7a76d0 points into unknown readable memory: 0x0000000000000000 | 00 00 00 00 00 00 00 00
R12=0x0000000000000050 is an unknown value
R13=0x0 is NULL
R14=0x0 is NULL
R15=0x0000004ad79fe7f0 is pointing into the stack for thread: 0x000001a73bcf4dc0


Registers:
RAX=0x000001a75e7a76b0, RBX=0x00000000000017e0, RCX=0x0000000000000000, RDX=0x0000000000000000
RSP=0x0000004ad79fb5d0, RBP=0x0000004ad79fb640, RSI=0x0000000000000000, RDI=0x0000000000000048
R8 =0x000000000000ffe0, R9 =0x0000000000000000, R10=0x00007ff841ca0000, R11=0x000001a75e7a76d0
R12=0x0000000000000050, R13=0x0000000000000000, R14=0x0000000000000000, R15=0x0000004ad79fe7f0
RIP=0x00007fffdebfe0a9, EFLAGS=0x0000000000010202

Top of Stack: (sp=0x0000004ad79fb5d0)
0x0000004ad79fb5d0:   00000000000017e0 0000000000000000
0x0000004ad79fb5e0:   0000004ad79fe7f0 00007fffdeb638d1
0x0000004ad79fb5f0:   000001a73bcf2f50 00007fff00002000
0x0000004ad79fb600:   000001a75e7a76b0 0000000000000000
0x0000004ad79fb610:   0000000000000002 000001a75fc6b300
0x0000004ad79fb620:   0000000000000002 000001a73bcf2f50
0x0000004ad79fb630:   0000000000000000 0000000000000000
0x0000004ad79fb640:   000001a73bcc53d0 000001a71e14bd10
0x0000004ad79fb650:   0000000000000048 00007fffdf284c08
0x0000004ad79fb660:   0000004ad79fb770 00007fffdeb5ba8b
0x0000004ad79fb670:   0000004ad79fe7f0 00007fffdf284c08
0x0000004ad79fb680:   0000004ad79fe7f0 0000004ad79fb770
0x0000004ad79fb690:   0000004a00000000 0000004ad79ff350
0x0000004ad79fb6a0:   0000004a0000000f 0000004ad79fe7f0
0x0000004ad79fb6b0:   0000004ad79fb820 00007fff00000000
0x0000004ad79fb6c0:   000001a700000100 00007fffdf284c08 

Instructions: (pc=0x00007fffdebfe0a9)
0x00007fffdebfdfa9:   3b d0 75 0b ff c1 41 3b c9 7c dc 48 8b c2 c3 33
0x00007fffdebfdfb9:   c0 c3 cc cc cc cc cc 48 89 5c 24 18 55 56 57 41
0x00007fffdebfdfc9:   55 41 57 48 8b ec 48 83 ec 70 65 48 8b 04 25 58
0x00007fffdebfdfd9:   00 00 00 48 8b f2 44 8b 05 d2 8b 90 00 4c 8b f9
0x00007fffdebfdfe9:   4a 8b 1c c0 b8 50 00 00 00 80 3c 18 00 75 05 e8
0x00007fffdebfdff9:   8b 6f 5d 00 b8 20 00 00 00 48 8b 04 18 48 8b 98
0x00007fffdebfe009:   38 02 00 00 48 89 5d b0 c7 45 b8 04 00 00 00 48
0x00007fffdebfe019:   8b 43 18 48 83 f8 df 76 18 4c 8d 05 37 a9 65 00
0x00007fffdebfe029:   ba 20 00 00 00 48 8b cb e8 5a eb de ff 48 8b 43
0x00007fffdebfe039:   18 48 8d 48 20 48 3b 4b 20 76 11 45 33 c0 48 8b
0x00007fffdebfe049:   cb 41 8d 50 20 e8 fd e8 de ff eb 04 48 89 4b 18
0x00007fffdebfe059:   44 8b 45 b8 33 d2 49 c1 e0 03 48 8b c8 48 89 45
0x00007fffdebfe069:   c0 e8 e3 80 5d 00 45 33 ed 48 8d 4d d0 44 89 6d
0x00007fffdebfe079:   c8 e8 01 59 56 00 41 8b 9f 40 02 00 00 41 2b 9f
0x00007fffdebfe089:   68 02 00 00 44 89 6d f0 3b 5d b8 72 0b 8b d3 48
0x00007fffdebfe099:   8d 4d b0 e8 6f b3 39 00 48 8b 45 c0 4c 89 2c d8
0x00007fffdebfe0a9:   8b 7e 28 8b df c1 eb 05 3b 5d d0 72 0b 8b d3 48
0x00007fffdebfe0b9:   8d 4d d0 e8 1f 59 56 00 48 8b 45 d8 83 e7 1f 48
0x00007fffdebfe0c9:   8d 14 98 40 0f b6 cf 41 b8 01 00 00 00 41 d3 e0
0x00007fffdebfe0d9:   8b 0a 8b c1 41 0b c0 89 02 41 85 c8 75 21 8b 5d
0x00007fffdebfe0e9:   c8 8d 43 01 89 45 c8 3b 5d b8 72 0b 8b d3 48 8d
0x00007fffdebfe0f9:   4d b0 e8 10 b3 39 00 48 8b 45 c0 48 89 34 d8 44
0x00007fffdebfe109:   39 6d c8 0f 86 77 01 00 00 4c 89 a4 24 a0 00 00
0x00007fffdebfe119:   00 4c 89 b4 24 a8 00 00 00 48 8b 45 c0 41 8b cd
0x00007fffdebfe129:   48 8b 34 c8 8b 46 2c 25 ff 1f 00 00 3d 04 10 00
0x00007fffdebfe139:   00 0f 85 a7 00 00 00 bb 01 00 00 00 39 5e 18 76
0x00007fffdebfe149:   39 66 0f 1f 44 00 00 48 8b 46 08 8b cb 48 8b 14
0x00007fffdebfe159:   c8 48 85 d2 74 1d 48 83 7a 10 00 74 16 80 7a 2c
0x00007fffdebfe169:   84 74 10 e8 7f 7e ee ff 48 8b d0 49 8b cf e8 a4
0x00007fffdebfe179:   61 f6 ff ff c3 3b 5e 18 72 cd 48 8b 5e 10 8b 46
0x00007fffdebfe189:   20 4c 8d 34 c3 49 3b de 73 54 48 8b 3b 8b 47 2c
0x00007fffdebfe199:   83 e0 03 3c 03 75 2e 48 8b 07 48 8b cf ff 90 88 


Stack slot to memory mapping:
stack at sp + 0 slots: 0x00000000000017e0 is an unknown value
stack at sp + 1 slots: 0x0 is NULL
stack at sp + 2 slots: 0x0000004ad79fe7f0 is pointing into the stack for thread: 0x000001a73bcf4dc0
stack at sp + 3 slots: 0x00007fffdeb638d1 jvm.dll
stack at sp + 4 slots: 0x000001a73bcf2f50 points into unknown readable memory: 0x0000000000000006 | 06 00 00 00 00 00 00 00
stack at sp + 5 slots: 0x00007fff00002000 is an unknown value
stack at sp + 6 slots: 0x000001a75e7a76b0 points into unknown readable memory: 0x0000000000000000 | 00 00 00 00 00 00 00 00
stack at sp + 7 slots: 0x0 is NULL


---------------  P R O C E S S  ---------------

Threads class SMR info:
_java_thread_list=0x000001a75bed40b0, length=93, elements={
0x000001a71e134bc0, 0x000001a73bcd75c0, 0x000001a73bcd8350, 0x000001a73bced370,
0x000001a73bcf0010, 0x000001a73bcf18f0, 0x000001a73bcf3970, 0x000001a73bcf4dc0,
0x000001a73bcff9b0, 0x000001a73bd00a60, 0x000001a73bcbf2d0, 0x000001a75b1246d0,
0x000001a75c6f9c40, 0x000001a75cbbd9c0, 0x000001a75c31aad0, 0x000001a75cb11350,
0x000001a75cd01c60, 0x000001a75cb83c80, 0x000001a75cb84bb0, 0x000001a75cb846a0,
0x000001a75cb84190, 0x000001a75cb850c0, 0x000001a75cb82840, 0x000001a75cb855d0,
0x000001a75cb85ae0, 0x000001a75cb85ff0, 0x000001a75cb82d50, 0x000001a75cb83770,
0x000001a75d8a94a0, 0x000001a75d8aa3d0, 0x000001a75d8ab810, 0x000001a75d8a8060,
0x000001a75d8ac740, 0x000001a75d8a8f90, 0x000001a75d8a99b0, 0x000001a75d8ae090,
0x000001a75d8aa8e0, 0x000001a75d8ab300, 0x000001a75d8a9ec0, 0x000001a75d8a8570,
0x000001a75d8af4d0, 0x000001a75d8ae5a0, 0x000001a75d8ad160, 0x000001a75d8ad670,
0x000001a75d8adb80, 0x000001a75d8aeab0, 0x000001a75d8aefc0, 0x000001a75d8af9e0,
0x000001a75ec244e0, 0x000001a75ec20d30, 0x000001a75ec22680, 0x000001a75ec1f8f0,
0x000001a75ec20310, 0x000001a75ec21240, 0x000001a75ec23ac0, 0x000001a75ec1fe00,
0x000001a75ec1f3e0, 0x000001a75ec21c60, 0x000001a75ec1da90, 0x000001a75ec20820,
0x000001a75ec235b0, 0x000001a75ec1dfa0, 0x000001a75ec21750, 0x000001a75ec1e4b0,
0x000001a75ec1e9c0, 0x000001a75ec1d070, 0x000001a75ec23fd0, 0x000001a75ec249f0,
0x000001a75ec1eed0, 0x000001a75ec1d580, 0x000001a75ec22170, 0x000001a75ec230a0,
0x000001a75e975bd0, 0x000001a75e977520, 0x000001a75e977a30, 0x000001a75e978450,
0x000001a75e97b1e0, 0x000001a75e979da0, 0x000001a75e97b6f0, 0x000001a75e97a7c0,
0x000001a75e97acd0, 0x000001a75e977f40, 0x000001a75e978960, 0x000001a75e978e70,
0x000001a75e979380, 0x000001a75e97bc00, 0x000001a75e979890, 0x000001a75e974790,
0x000001a75e97c110, 0x000001a75e974ca0, 0x000001a75e97a2b0, 0x000001a75d557e40,
0x000001a75e9756c0
}

Java Threads: ( => current thread )
  0x000001a71e134bc0 JavaThread "main" [_thread_blocked, id=12808, stack(0x0000004ad6c00000,0x0000004ad6d00000)]
  0x000001a73bcd75c0 JavaThread "Reference Handler" daemon [_thread_blocked, id=5176, stack(0x0000004ad7300000,0x0000004ad7400000)]
  0x000001a73bcd8350 JavaThread "Finalizer" daemon [_thread_blocked, id=2752, stack(0x0000004ad7400000,0x0000004ad7500000)]
  0x000001a73bced370 JavaThread "Signal Dispatcher" daemon [_thread_blocked, id=12460, stack(0x0000004ad7500000,0x0000004ad7600000)]
  0x000001a73bcf0010 JavaThread "Attach Listener" daemon [_thread_blocked, id=3704, stack(0x0000004ad7600000,0x0000004ad7700000)]
  0x000001a73bcf18f0 JavaThread "Service Thread" daemon [_thread_blocked, id=5472, stack(0x0000004ad7700000,0x0000004ad7800000)]
  0x000001a73bcf3970 JavaThread "Monitor Deflation Thread" daemon [_thread_blocked, id=4868, stack(0x0000004ad7800000,0x0000004ad7900000)]
=>0x000001a73bcf4dc0 JavaThread "C2 CompilerThread0" daemon [_thread_in_native, id=4784, stack(0x0000004ad7900000,0x0000004ad7a00000)]
  0x000001a73bcff9b0 JavaThread "C1 CompilerThread0" daemon [_thread_blocked, id=6848, stack(0x0000004ad7a00000,0x0000004ad7b00000)]
  0x000001a73bd00a60 JavaThread "Sweeper thread" daemon [_thread_blocked, id=12192, stack(0x0000004ad7b00000,0x0000004ad7c00000)]
  0x000001a73bcbf2d0 JavaThread "Common-Cleaner" daemon [_thread_blocked, id=9348, stack(0x0000004ad7c00000,0x0000004ad7d00000)]
  0x000001a75b1246d0 JavaThread "Notification Thread" daemon [_thread_blocked, id=13340, stack(0x0000004ad7d00000,0x0000004ad7e00000)]
  0x000001a75c6f9c40 JavaThread "Daemon health stats" [_thread_blocked, id=13368, stack(0x0000004ad8200000,0x0000004ad8300000)]
  0x000001a75cbbd9c0 JavaThread "Incoming local TCP Connector on port 62484" [_thread_in_native, id=5504, stack(0x0000004ad8300000,0x0000004ad8400000)]
  0x000001a75c31aad0 JavaThread "Daemon periodic checks" [_thread_blocked, id=8, stack(0x0000004ad8400000,0x0000004ad8500000)]
  0x000001a75cb11350 JavaThread "Daemon" [_thread_blocked, id=13684, stack(0x0000004ad8500000,0x0000004ad8600000)]
  0x000001a75cd01c60 JavaThread "Handler for socket connection from /127.0.0.1:62484 to /127.0.0.1:62485" [_thread_in_native, id=13680, stack(0x0000004ad8600000,0x0000004ad8700000)]
  0x000001a75cb83c80 JavaThread "Cancel handler" [_thread_blocked, id=13000, stack(0x0000004ad8700000,0x0000004ad8800000)]
  0x000001a75cb84bb0 JavaThread "Daemon worker" [_thread_in_native, id=9668, stack(0x0000004ad8800000,0x0000004ad8900000)]
  0x000001a75cb846a0 JavaThread "Asynchronous log dispatcher for DefaultDaemonConnection: socket connection from /127.0.0.1:62484 to /127.0.0.1:62485" [_thread_blocked, id=13456, stack(0x0000004ad8900000,0x0000004ad8a00000)]
  0x000001a75cb84190 JavaThread "Stdin handler" [_thread_blocked, id=9464, stack(0x0000004ad8a00000,0x0000004ad8b00000)]
  0x000001a75cb850c0 JavaThread "Daemon client event forwarder" [_thread_blocked, id=11572, stack(0x0000004ad8b00000,0x0000004ad8c00000)]
  0x000001a75cb82840 JavaThread "Cache worker for journal cache (C:\Users\Asus\.gradle\caches\journal-1)" [_thread_blocked, id=8872, stack(0x0000004ad8c00000,0x0000004ad8d00000)]
  0x000001a75cb855d0 JavaThread "File lock request listener" [_thread_in_native, id=4272, stack(0x0000004ad8d00000,0x0000004ad8e00000)]
  0x000001a75cb85ae0 JavaThread "Cache worker for file hash cache (C:\Users\Asus\.gradle\caches\8.8\fileHashes)" [_thread_blocked, id=13672, stack(0x0000004ad8e00000,0x0000004ad8f00000)]
  0x000001a75cb85ff0 JavaThread "Cache worker for file hash cache (E:\AwesomeProject\android\.gradle\8.8\fileHashes)" [_thread_blocked, id=6356, stack(0x0000004ad8f00000,0x0000004ad9000000)]
  0x000001a75cb82d50 JavaThread "File watcher server" daemon [_thread_in_native, id=4944, stack(0x0000004ad9000000,0x0000004ad9100000)]
  0x000001a75cb83770 JavaThread "File watcher consumer" daemon [_thread_blocked, id=6948, stack(0x0000004ad9100000,0x0000004ad9200000)]
  0x000001a75d8a94a0 JavaThread "Cache worker for checksums cache (E:\AwesomeProject\android\.gradle\8.8\checksums)" [_thread_blocked, id=7484, stack(0x0000004ad9200000,0x0000004ad9300000)]
  0x000001a75d8aa3d0 JavaThread "Cache worker for file content cache (C:\Users\Asus\.gradle\caches\8.8\fileContent)" [_thread_blocked, id=13500, stack(0x0000004ad9300000,0x0000004ad9400000)]
  0x000001a75d8ab810 JavaThread "Cache worker for cache directory md-rule (C:\Users\Asus\.gradle\caches\8.8\md-rule)" [_thread_blocked, id=13708, stack(0x0000004ad9400000,0x0000004ad9500000)]
  0x000001a75d8a8060 JavaThread "Cache worker for cache directory md-supplier (C:\Users\Asus\.gradle\caches\8.8\md-supplier)" [_thread_blocked, id=12096, stack(0x0000004ad9500000,0x0000004ad9600000)]
  0x000001a75d8ac740 JavaThread "jar transforms" [_thread_blocked, id=7916, stack(0x0000004ad9600000,0x0000004ad9700000)]
  0x000001a75d8a8f90 JavaThread "Unconstrained build operations" [_thread_blocked, id=7032, stack(0x0000004ad9800000,0x0000004ad9900000)]
  0x000001a75d8a99b0 JavaThread "Unconstrained build operations Thread 2" [_thread_blocked, id=7804, stack(0x0000004ad9900000,0x0000004ad9a00000)]
  0x000001a75d8ae090 JavaThread "Unconstrained build operations Thread 3" [_thread_blocked, id=3316, stack(0x0000004ad9a00000,0x0000004ad9b00000)]
  0x000001a75d8aa8e0 JavaThread "Unconstrained build operations Thread 4" [_thread_blocked, id=13976, stack(0x0000004ad9b00000,0x0000004ad9c00000)]
  0x000001a75d8ab300 JavaThread "Unconstrained build operations Thread 5" [_thread_blocked, id=11036, stack(0x0000004ad9c00000,0x0000004ad9d00000)]
  0x000001a75d8a9ec0 JavaThread "Unconstrained build operations Thread 6" [_thread_blocked, id=6928, stack(0x0000004ad9d00000,0x0000004ad9e00000)]
  0x000001a75d8a8570 JavaThread "Cache worker for Build Output Cleanup Cache (E:\AwesomeProject\node_modules\@react-native\gradle-plugin\.gradle\buildOutputCleanup)" [_thread_blocked, id=11096, stack(0x0000004ad9e00000,0x0000004ad9f00000)]
  0x000001a75d8af4d0 JavaThread "Unconstrained build operations Thread 7" [_thread_blocked, id=5000, stack(0x0000004ad9f00000,0x0000004ada000000)]
  0x000001a75d8ae5a0 JavaThread "Unconstrained build operations Thread 8" [_thread_blocked, id=11692, stack(0x0000004ada000000,0x0000004ada100000)]
  0x000001a75d8ad160 JavaThread "Unconstrained build operations Thread 9" [_thread_blocked, id=12116, stack(0x0000004ada100000,0x0000004ada200000)]
  0x000001a75d8ad670 JavaThread "Unconstrained build operations Thread 10" [_thread_blocked, id=4080, stack(0x0000004ada200000,0x0000004ada300000)]
  0x000001a75d8adb80 JavaThread "Unconstrained build operations Thread 11" [_thread_blocked, id=3328, stack(0x0000004ada300000,0x0000004ada400000)]
  0x000001a75d8aeab0 JavaThread "Unconstrained build operations Thread 12" [_thread_blocked, id=8948, stack(0x0000004ada400000,0x0000004ada500000)]
  0x000001a75d8aefc0 JavaThread "Unconstrained build operations Thread 13" [_thread_blocked, id=12400, stack(0x0000004ada500000,0x0000004ada600000)]
  0x000001a75d8af9e0 JavaThread "Unconstrained build operations Thread 14" [_thread_blocked, id=12516, stack(0x0000004ada600000,0x0000004ada700000)]
  0x000001a75ec244e0 JavaThread "Unconstrained build operations Thread 15" [_thread_blocked, id=4544, stack(0x0000004ada700000,0x0000004ada800000)]
  0x000001a75ec20d30 JavaThread "Memory manager" [_thread_blocked, id=8684, stack(0x0000004ada800000,0x0000004ada900000)]
  0x000001a75ec22680 JavaThread "build event listener" [_thread_blocked, id=7540, stack(0x0000004ada900000,0x0000004adaa00000)]
  0x000001a75ec1f8f0 JavaThread "File lock release action executor" [_thread_blocked, id=10616, stack(0x0000004adaa00000,0x0000004adab00000)]
  0x000001a75ec20310 JavaThread "ForkJoinPool.commonPool-worker-1" daemon [_thread_blocked, id=7988, stack(0x0000004adab00000,0x0000004adac00000)]
  0x000001a75ec21240 JavaThread "ForkJoinPool.commonPool-worker-2" daemon [_thread_blocked, id=5088, stack(0x0000004adac00000,0x0000004adad00000)]
  0x000001a75ec23ac0 JavaThread "ForkJoinPool.commonPool-worker-3" daemon [_thread_blocked, id=5216, stack(0x0000004adad00000,0x0000004adae00000)]
  0x000001a75ec1fe00 JavaThread "Exec process" daemon [_thread_blocked, id=5872, stack(0x0000004adae00000,0x0000004adaf00000)]
  0x000001a75ec1f3e0 JavaThread "Exec process Thread 2" daemon [_thread_blocked, id=11032, stack(0x0000004adaf00000,0x0000004adb000000)]
  0x000001a75ec21c60 JavaThread "Exec process Thread 3" daemon [_thread_blocked, id=6092, stack(0x0000004adb000000,0x0000004adb100000)]
  0x000001a75ec1da90 JavaThread "included builds" [_thread_blocked, id=13624, stack(0x0000004adb100000,0x0000004adb200000)]
  0x000001a75ec20820 JavaThread "Execution worker" [_thread_blocked, id=12800, stack(0x0000004adb200000,0x0000004adb300000)]
  0x000001a75ec235b0 JavaThread "Execution worker Thread 2" [_thread_blocked, id=10988, stack(0x0000004adb300000,0x0000004adb400000)]
  0x000001a75ec1dfa0 JavaThread "Execution worker Thread 3" [_thread_blocked, id=4952, stack(0x0000004adb400000,0x0000004adb500000)]
  0x000001a75ec21750 JavaThread "Cache worker for execution history cache (E:\AwesomeProject\node_modules\@react-native\gradle-plugin\.gradle\8.8\executionHistory)" [_thread_blocked, id=5384, stack(0x0000004adb500000,0x0000004adb600000)]
  0x000001a75ec1e4b0 JavaThread "Unconstrained build operations Thread 16" [_thread_blocked, id=7564, stack(0x0000004adb600000,0x0000004adb700000)]
  0x000001a75ec1e9c0 JavaThread "Unconstrained build operations Thread 17" [_thread_blocked, id=13560, stack(0x0000004adb700000,0x0000004adb800000)]
  0x000001a75ec1d070 JavaThread "Unconstrained build operations Thread 18" [_thread_blocked, id=14120, stack(0x0000004adb800000,0x0000004adb900000)]
  0x000001a75ec23fd0 JavaThread "Unconstrained build operations Thread 19" [_thread_blocked, id=7432, stack(0x0000004adb900000,0x0000004adba00000)]
  0x000001a75ec249f0 JavaThread "Unconstrained build operations Thread 20" [_thread_blocked, id=136, stack(0x0000004adba00000,0x0000004adbb00000)]
  0x000001a75ec1eed0 JavaThread "Unconstrained build operations Thread 21" [_thread_blocked, id=9304, stack(0x0000004adbb00000,0x0000004adbc00000)]
  0x000001a75ec1d580 JavaThread "Unconstrained build operations Thread 22" [_thread_blocked, id=4196, stack(0x0000004adbc00000,0x0000004adbd00000)]
  0x000001a75ec22170 JavaThread "Unconstrained build operations Thread 23" [_thread_blocked, id=6152, stack(0x0000004adbd00000,0x0000004adbe00000)]
  0x000001a75ec230a0 JavaThread "Unconstrained build operations Thread 24" [_thread_blocked, id=7412, stack(0x0000004adbe00000,0x0000004adbf00000)]
  0x000001a75e975bd0 JavaThread "Unconstrained build operations Thread 25" [_thread_blocked, id=11776, stack(0x0000004adbf00000,0x0000004adc000000)]
  0x000001a75e977520 JavaThread "Unconstrained build operations Thread 26" [_thread_blocked, id=6320, stack(0x0000004adc000000,0x0000004adc100000)]
  0x000001a75e977a30 JavaThread "Unconstrained build operations Thread 27" [_thread_blocked, id=10320, stack(0x0000004adc100000,0x0000004adc200000)]
  0x000001a75e978450 JavaThread "Unconstrained build operations Thread 28" [_thread_blocked, id=13568, stack(0x0000004ad6a00000,0x0000004ad6b00000)]
  0x000001a75e97b1e0 JavaThread "Unconstrained build operations Thread 29" [_thread_blocked, id=1176, stack(0x0000004adc200000,0x0000004adc300000)]
  0x000001a75e979da0 JavaThread "Unconstrained build operations Thread 30" [_thread_blocked, id=10232, stack(0x0000004adc300000,0x0000004adc400000)]
  0x000001a75e97b6f0 JavaThread "Unconstrained build operations Thread 31" [_thread_blocked, id=2080, stack(0x0000004adc400000,0x0000004adc500000)]
  0x000001a75e97a7c0 JavaThread "Unconstrained build operations Thread 32" [_thread_blocked, id=7052, stack(0x0000004adc500000,0x0000004adc600000)]
  0x000001a75e97acd0 JavaThread "Unconstrained build operations Thread 33" [_thread_blocked, id=13216, stack(0x0000004adc600000,0x0000004adc700000)]
  0x000001a75e977f40 JavaThread "Unconstrained build operations Thread 34" [_thread_blocked, id=2484, stack(0x0000004adc700000,0x0000004adc800000)]
  0x000001a75e978960 JavaThread "Unconstrained build operations Thread 35" [_thread_blocked, id=13552, stack(0x0000004adc800000,0x0000004adc900000)]
  0x000001a75e978e70 JavaThread "Unconstrained build operations Thread 36" [_thread_blocked, id=13096, stack(0x0000004adc900000,0x0000004adca00000)]
  0x000001a75e979380 JavaThread "jar transforms Thread 2" [_thread_blocked, id=13792, stack(0x0000004adca00000,0x0000004adcb00000)]
  0x000001a75e97bc00 JavaThread "Cache worker for Build Output Cleanup Cache (E:\AwesomeProject\android\.gradle\buildOutputCleanup)" [_thread_blocked, id=12540, stack(0x0000004adcb00000,0x0000004adcc00000)]
  0x000001a75e979890 JavaThread "jar transforms Thread 3" [_thread_blocked, id=2412, stack(0x0000004adce00000,0x0000004adcf00000)]
  0x000001a75e974790 JavaThread "Unconstrained build operations Thread 37" [_thread_blocked, id=13136, stack(0x0000004adcf00000,0x0000004add000000)]
  0x000001a75e97c110 JavaThread "Unconstrained build operations Thread 38" [_thread_blocked, id=13688, stack(0x0000004add000000,0x0000004add100000)]
  0x000001a75e974ca0 JavaThread "Unconstrained build operations Thread 39" [_thread_blocked, id=12140, stack(0x0000004add100000,0x0000004add200000)]
  0x000001a75e97a2b0 JavaThread "Unconstrained build operations Thread 40" [_thread_blocked, id=13628, stack(0x0000004add200000,0x0000004add300000)]
  0x000001a75d557e40 JavaThread "C2 CompilerThread1" daemon [_thread_blocked, id=13196, stack(0x0000004add300000,0x0000004add400000)]
  0x000001a75e9756c0 JavaThread "jar transforms Thread 4" [_thread_blocked, id=1756, stack(0x0000004add400000,0x0000004add500000)]

Other Threads:
  0x000001a73bcd0220 VMThread "VM Thread" [stack: 0x0000004ad7200000,0x0000004ad7300000] [id=3088]
  0x000001a75b168510 WatcherThread [stack: 0x0000004ad7e00000,0x0000004ad7f00000] [id=3944]
  0x000001a71e191f10 GCTaskThread "GC Thread#0" [stack: 0x0000004ad6d00000,0x0000004ad6e00000] [id=12812]
  0x000001a75b2730c0 GCTaskThread "GC Thread#1" [stack: 0x0000004ad7f00000,0x0000004ad8000000] [id=12020]
  0x000001a75b2a1cc0 GCTaskThread "GC Thread#2" [stack: 0x0000004ad8000000,0x0000004ad8100000] [id=1612]
  0x000001a75c351280 GCTaskThread "GC Thread#3" [stack: 0x0000004ad8100000,0x0000004ad8200000] [id=13532]
  0x000001a71e1a3580 ConcurrentGCThread "G1 Main Marker" [stack: 0x0000004ad6e00000,0x0000004ad6f00000] [id=1268]
  0x000001a71e1a4640 ConcurrentGCThread "G1 Conc#0" [stack: 0x0000004ad6f00000,0x0000004ad7000000] [id=12948]
  0x000001a71e1e8c60 ConcurrentGCThread "G1 Refine#0" [stack: 0x0000004ad7000000,0x0000004ad7100000] [id=14008]
  0x000001a75da0bd00 ConcurrentGCThread "G1 Refine#1" [stack: 0x0000004ad9700000,0x0000004ad9800000] [id=5596]
  0x000001a71e1e95a0 ConcurrentGCThread "G1 Service" [stack: 0x0000004ad7100000,0x0000004ad7200000] [id=3092]

Threads with active compile tasks:
C2 CompilerThread0    38715 10782       4       org.gradle.cache.internal.ExclusiveCacheAccessingWorker$1::call (10 bytes)

VM state: not at safepoint (normal execution)

VM Mutex/Monitor currently owned by a thread: None

Heap address: 0x0000000080000000, size: 2048 MB, Compressed Oops mode: 32-bit

CDS archive(s) mapped at: [0x000001a73c000000-0x000001a73cbd0000-0x000001a73cbd0000), size 12386304, SharedBaseAddress: 0x000001a73c000000, ArchiveRelocationMode: 1.
Compressed class space mapped at: 0x000001a73d000000-0x000001a757000000, reserved size: 436207616
Narrow klass base: 0x000001a73c000000, Narrow klass shift: 0, Narrow klass range: 0x100000000

GC Precious Log:
 CPUs: 4 total, 4 available
 Memory: 8078M
 Large Page Support: Disabled
 NUMA Support: Disabled
 Compressed Oops: Enabled (32-bit)
 Heap Region Size: 1M
 Heap Min Capacity: 8M
 Heap Initial Capacity: 128M
 Heap Max Capacity: 2G
 Pre-touch: Disabled
 Parallel Workers: 4
 Concurrent Workers: 1
 Concurrent Refinement Workers: 4
 Periodic GC: Disabled

Heap:
 garbage-first heap   total 189440K, used 103710K [0x0000000080000000, 0x0000000100000000)
  region size 1024K, 21 young (21504K), 5 survivors (5120K)
 Metaspace       used 70961K, committed 71808K, reserved 491520K
  class space    used 10019K, committed 10432K, reserved 425984K

Heap Regions: E=young(eden), S=young(survivor), O=old, HS=humongous(starts), HC=humongous(continues), CS=collection set, F=free, OA=open archive, CA=closed archive, TAMS=top-at-mark-start (previous, next)
|   0|0x0000000080000000, 0x0000000080100000, 0x0000000080100000|100%|HS|  |TAMS 0x0000000080100000, 0x0000000080000000| Complete 
|   1|0x0000000080100000, 0x0000000080200000, 0x0000000080200000|100%|HC|  |TAMS 0x0000000080200000, 0x0000000080100000| Complete 
|   2|0x0000000080200000, 0x0000000080300000, 0x0000000080300000|100%|HC|  |TAMS 0x0000000080300000, 0x0000000080200000| Complete 
|   3|0x0000000080300000, 0x0000000080400000, 0x0000000080400000|100%|HC|  |TAMS 0x0000000080400000, 0x0000000080300000| Complete 
|   4|0x0000000080400000, 0x0000000080500000, 0x0000000080500000|100%| O|  |TAMS 0x0000000080500000, 0x0000000080400000| Untracked 
|   5|0x0000000080500000, 0x0000000080600000, 0x0000000080600000|100%| O|  |TAMS 0x0000000080600000, 0x0000000080500000| Untracked 
|   6|0x0000000080600000, 0x0000000080700000, 0x0000000080700000|100%| O|  |TAMS 0x0000000080700000, 0x0000000080600000| Untracked 
|   7|0x0000000080700000, 0x0000000080800000, 0x0000000080800000|100%| O|  |TAMS 0x0000000080800000, 0x0000000080700000| Untracked 
|   8|0x0000000080800000, 0x0000000080900000, 0x0000000080900000|100%| O|  |TAMS 0x0000000080900000, 0x0000000080800000| Untracked 
|   9|0x0000000080900000, 0x0000000080a00000, 0x0000000080a00000|100%| O|  |TAMS 0x0000000080a00000, 0x0000000080900000| Untracked 
|  10|0x0000000080a00000, 0x0000000080b00000, 0x0000000080b00000|100%| O|  |TAMS 0x0000000080b00000, 0x0000000080a00000| Untracked 
|  11|0x0000000080b00000, 0x0000000080c00000, 0x0000000080c00000|100%|HS|  |TAMS 0x0000000080c00000, 0x0000000080b00000| Complete 
|  12|0x0000000080c00000, 0x0000000080d00000, 0x0000000080d00000|100%| O|  |TAMS 0x0000000080d00000, 0x0000000080c00000| Untracked 
|  13|0x0000000080d00000, 0x0000000080e00000, 0x0000000080e00000|100%| O|  |TAMS 0x0000000080e00000, 0x0000000080d00000| Untracked 
|  14|0x0000000080e00000, 0x0000000080f00000, 0x0000000080f00000|100%| O|  |TAMS 0x0000000080f00000, 0x0000000080e00000| Untracked 
|  15|0x0000000080f00000, 0x0000000081000000, 0x0000000081000000|100%| O|  |TAMS 0x0000000081000000, 0x0000000080f00000| Untracked 
|  16|0x0000000081000000, 0x0000000081100000, 0x0000000081100000|100%| O|  |TAMS 0x0000000081100000, 0x0000000081000000| Untracked 
|  17|0x0000000081100000, 0x0000000081200000, 0x0000000081200000|100%| O|  |TAMS 0x0000000081200000, 0x0000000081100000| Untracked 
|  18|0x0000000081200000, 0x0000000081300000, 0x0000000081300000|100%| O|  |TAMS 0x0000000081300000, 0x0000000081200000| Untracked 
|  19|0x0000000081300000, 0x0000000081400000, 0x0000000081400000|100%| O|  |TAMS 0x0000000081400000, 0x0000000081300000| Untracked 
|  20|0x0000000081400000, 0x0000000081500000, 0x0000000081500000|100%| O|  |TAMS 0x0000000081500000, 0x0000000081400000| Untracked 
|  21|0x0000000081500000, 0x0000000081600000, 0x0000000081600000|100%| O|  |TAMS 0x0000000081600000, 0x0000000081500000| Untracked 
|  22|0x0000000081600000, 0x0000000081700000, 0x0000000081700000|100%| O|  |TAMS 0x0000000081700000, 0x0000000081600000| Untracked 
|  23|0x0000000081700000, 0x0000000081800000, 0x0000000081800000|100%| O|  |TAMS 0x0000000081800000, 0x0000000081700000| Untracked 
|  24|0x0000000081800000, 0x0000000081900000, 0x0000000081900000|100%| O|  |TAMS 0x0000000081900000, 0x0000000081800000| Untracked 
|  25|0x0000000081900000, 0x0000000081a00000, 0x0000000081a00000|100%| O|  |TAMS 0x0000000081a00000, 0x0000000081900000| Untracked 
|  26|0x0000000081a00000, 0x0000000081b00000, 0x0000000081b00000|100%| O|  |TAMS 0x0000000081b00000, 0x0000000081a00000| Untracked 
|  27|0x0000000081b00000, 0x0000000081c00000, 0x0000000081c00000|100%| O|  |TAMS 0x0000000081b00000, 0x0000000081b00000| Untracked 
|  28|0x0000000081c00000, 0x0000000081d00000, 0x0000000081d00000|100%| O|  |TAMS 0x0000000081d00000, 0x0000000081c00000| Untracked 
|  29|0x0000000081d00000, 0x0000000081e00000, 0x0000000081e00000|100%| O|  |TAMS 0x0000000081e00000, 0x0000000081d00000| Untracked 
|  30|0x0000000081e00000, 0x0000000081f00000, 0x0000000081f00000|100%| O|  |TAMS 0x0000000081f00000, 0x0000000081e00000| Untracked 
|  31|0x0000000081f00000, 0x0000000082000000, 0x0000000082000000|100%| O|  |TAMS 0x0000000082000000, 0x0000000081f00000| Untracked 
|  32|0x0000000082000000, 0x0000000082100000, 0x0000000082100000|100%| O|  |TAMS 0x0000000082100000, 0x0000000082000000| Untracked 
|  33|0x0000000082100000, 0x0000000082200000, 0x0000000082200000|100%| O|  |TAMS 0x0000000082200000, 0x0000000082100000| Untracked 
|  34|0x0000000082200000, 0x0000000082300000, 0x0000000082300000|100%| O|  |TAMS 0x0000000082300000, 0x0000000082200000| Untracked 
|  35|0x0000000082300000, 0x0000000082400000, 0x0000000082400000|100%| O|  |TAMS 0x0000000082300000, 0x0000000082300000| Untracked 
|  36|0x0000000082400000, 0x0000000082500000, 0x0000000082500000|100%| O|  |TAMS 0x0000000082500000, 0x0000000082400000| Untracked 
|  37|0x0000000082500000, 0x0000000082600000, 0x0000000082600000|100%| O|  |TAMS 0x0000000082600000, 0x0000000082500000| Untracked 
|  38|0x0000000082600000, 0x0000000082700000, 0x0000000082700000|100%| O|  |TAMS 0x0000000082700000, 0x0000000082600000| Untracked 
|  39|0x0000000082700000, 0x0000000082800000, 0x0000000082800000|100%| O|  |TAMS 0x0000000082800000, 0x0000000082700000| Untracked 
|  40|0x0000000082800000, 0x0000000082900000, 0x0000000082900000|100%| O|  |TAMS 0x0000000082900000, 0x0000000082800000| Untracked 
|  41|0x0000000082900000, 0x0000000082a00000, 0x0000000082a00000|100%| O|  |TAMS 0x0000000082900000, 0x0000000082900000| Untracked 
|  42|0x0000000082a00000, 0x0000000082b00000, 0x0000000082b00000|100%| O|  |TAMS 0x0000000082b00000, 0x0000000082a00000| Untracked 
|  43|0x0000000082b00000, 0x0000000082c00000, 0x0000000082c00000|100%| O|  |TAMS 0x0000000082c00000, 0x0000000082b00000| Untracked 
|  44|0x0000000082c00000, 0x0000000082d00000, 0x0000000082d00000|100%| O|  |TAMS 0x0000000082d00000, 0x0000000082c00000| Untracked 
|  45|0x0000000082d00000, 0x0000000082e00000, 0x0000000082e00000|100%|HS|  |TAMS 0x0000000082e00000, 0x0000000082d00000| Complete 
|  46|0x0000000082e00000, 0x0000000082f00000, 0x0000000082f00000|100%|HC|  |TAMS 0x0000000082f00000, 0x0000000082e00000| Complete 
|  47|0x0000000082f00000, 0x0000000083000000, 0x0000000083000000|100%|HS|  |TAMS 0x0000000083000000, 0x0000000082f00000| Complete 
|  48|0x0000000083000000, 0x0000000083100000, 0x0000000083100000|100%|HC|  |TAMS 0x0000000083100000, 0x0000000083000000| Complete 
|  49|0x0000000083100000, 0x0000000083200000, 0x0000000083200000|100%|HS|  |TAMS 0x0000000083200000, 0x0000000083100000| Complete 
|  50|0x0000000083200000, 0x0000000083300000, 0x0000000083300000|100%|HC|  |TAMS 0x0000000083300000, 0x0000000083200000| Complete 
|  51|0x0000000083300000, 0x0000000083400000, 0x0000000083400000|100%|HC|  |TAMS 0x0000000083400000, 0x0000000083300000| Complete 
|  52|0x0000000083400000, 0x0000000083500000, 0x0000000083500000|100%|HC|  |TAMS 0x0000000083500000, 0x0000000083400000| Complete 
|  53|0x0000000083500000, 0x0000000083600000, 0x0000000083600000|100%|HS|  |TAMS 0x0000000083600000, 0x0000000083500000| Complete 
|  54|0x0000000083600000, 0x0000000083700000, 0x0000000083700000|100%|HC|  |TAMS 0x0000000083700000, 0x0000000083600000| Complete 
|  55|0x0000000083700000, 0x0000000083800000, 0x0000000083800000|100%|HC|  |TAMS 0x0000000083800000, 0x0000000083700000| Complete 
|  56|0x0000000083800000, 0x0000000083900000, 0x0000000083900000|100%|HC|  |TAMS 0x0000000083900000, 0x0000000083800000| Complete 
|  57|0x0000000083900000, 0x0000000083a00000, 0x0000000083a00000|100%| O|  |TAMS 0x0000000083a00000, 0x0000000083900000| Untracked 
|  58|0x0000000083a00000, 0x0000000083b00000, 0x0000000083b00000|100%| O|  |TAMS 0x0000000083b00000, 0x0000000083a00000| Untracked 
|  59|0x0000000083b00000, 0x0000000083c00000, 0x0000000083c00000|100%| O|  |TAMS 0x0000000083c00000, 0x0000000083b00000| Untracked 
|  60|0x0000000083c00000, 0x0000000083d00000, 0x0000000083d00000|100%| O|  |TAMS 0x0000000083d00000, 0x0000000083c00000| Untracked 
|  61|0x0000000083d00000, 0x0000000083e00000, 0x0000000083e00000|100%| O|  |TAMS 0x0000000083e00000, 0x0000000083d00000| Untracked 
|  62|0x0000000083e00000, 0x0000000083f00000, 0x0000000083f00000|100%| O|  |TAMS 0x0000000083e14600, 0x0000000083e00000| Untracked 
|  63|0x0000000083f00000, 0x0000000084000000, 0x0000000084000000|100%| O|  |TAMS 0x0000000083f00000, 0x0000000083f00000| Untracked 
|  64|0x0000000084000000, 0x0000000084100000, 0x0000000084100000|100%| O|  |TAMS 0x0000000084000000, 0x0000000084000000| Untracked 
|  65|0x0000000084100000, 0x0000000084200000, 0x0000000084200000|100%| O|  |TAMS 0x0000000084100000, 0x0000000084100000| Untracked 
|  66|0x0000000084200000, 0x0000000084300000, 0x0000000084300000|100%| O|  |TAMS 0x0000000084200000, 0x0000000084200000| Untracked 
|  67|0x0000000084300000, 0x0000000084400000, 0x0000000084400000|100%| O|  |TAMS 0x0000000084300000, 0x0000000084300000| Untracked 
|  68|0x0000000084400000, 0x0000000084500000, 0x0000000084500000|100%| O|  |TAMS 0x0000000084400000, 0x0000000084400000| Untracked 
|  69|0x0000000084500000, 0x0000000084600000, 0x0000000084600000|100%| O|  |TAMS 0x0000000084500000, 0x0000000084500000| Untracked 
|  70|0x0000000084600000, 0x0000000084700000, 0x0000000084700000|100%| O|  |TAMS 0x0000000084600000, 0x0000000084600000| Untracked 
|  71|0x0000000084700000, 0x0000000084800000, 0x0000000084800000|100%| O|  |TAMS 0x0000000084700000, 0x0000000084700000| Untracked 
|  72|0x0000000084800000, 0x0000000084900000, 0x0000000084900000|100%| O|  |TAMS 0x0000000084800000, 0x0000000084800000| Untracked 
|  73|0x0000000084900000, 0x0000000084a00000, 0x0000000084a00000|100%| O|  |TAMS 0x0000000084900000, 0x0000000084900000| Untracked 
|  74|0x0000000084a00000, 0x0000000084b00000, 0x0000000084b00000|100%| O|  |TAMS 0x0000000084a00000, 0x0000000084a00000| Untracked 
|  75|0x0000000084b00000, 0x0000000084c00000, 0x0000000084c00000|100%| O|  |TAMS 0x0000000084b00000, 0x0000000084b00000| Untracked 
|  76|0x0000000084c00000, 0x0000000084d00000, 0x0000000084d00000|100%| O|  |TAMS 0x0000000084c00000, 0x0000000084c00000| Untracked 
|  77|0x0000000084d00000, 0x0000000084e00000, 0x0000000084e00000|100%| O|  |TAMS 0x0000000084d00000, 0x0000000084d00000| Untracked 
|  78|0x0000000084e00000, 0x0000000084ea7a00, 0x0000000084f00000| 65%| O|  |TAMS 0x0000000084e00000, 0x0000000084e00000| Untracked 
|  79|0x0000000084f00000, 0x0000000085000000, 0x0000000085000000|100%|HS|  |TAMS 0x0000000084f00000, 0x0000000084f00000| Complete 
|  80|0x0000000085000000, 0x0000000085100000, 0x0000000085100000|100%|HS|  |TAMS 0x0000000085000000, 0x0000000085000000| Complete 
|  81|0x0000000085100000, 0x0000000085200000, 0x0000000085200000|100%|HS|  |TAMS 0x0000000085100000, 0x0000000085100000| Complete 
|  82|0x0000000085200000, 0x0000000085200000, 0x0000000085300000|  0%| F|  |TAMS 0x0000000085200000, 0x0000000085200000| Untracked 
|  83|0x0000000085300000, 0x0000000085300000, 0x0000000085400000|  0%| F|  |TAMS 0x0000000085300000, 0x0000000085300000| Untracked 
|  84|0x0000000085400000, 0x0000000085400000, 0x0000000085500000|  0%| F|  |TAMS 0x0000000085400000, 0x0000000085400000| Untracked 
|  85|0x0000000085500000, 0x0000000085500000, 0x0000000085600000|  0%| F|  |TAMS 0x0000000085500000, 0x0000000085500000| Untracked 
|  86|0x0000000085600000, 0x0000000085600000, 0x0000000085700000|  0%| F|  |TAMS 0x0000000085600000, 0x0000000085600000| Untracked 
|  87|0x0000000085700000, 0x0000000085700000, 0x0000000085800000|  0%| F|  |TAMS 0x0000000085700000, 0x0000000085700000| Untracked 
|  88|0x0000000085800000, 0x0000000085800000, 0x0000000085900000|  0%| F|  |TAMS 0x0000000085800000, 0x0000000085800000| Untracked 
|  89|0x0000000085900000, 0x0000000085900000, 0x0000000085a00000|  0%| F|  |TAMS 0x0000000085900000, 0x0000000085900000| Untracked 
|  90|0x0000000085a00000, 0x0000000085a00000, 0x0000000085b00000|  0%| F|  |TAMS 0x0000000085a00000, 0x0000000085a00000| Untracked 
|  91|0x0000000085b00000, 0x0000000085b00000, 0x0000000085c00000|  0%| F|  |TAMS 0x0000000085b00000, 0x0000000085b00000| Untracked 
|  92|0x0000000085c00000, 0x0000000085c00000, 0x0000000085d00000|  0%| F|  |TAMS 0x0000000085c00000, 0x0000000085c00000| Untracked 
|  93|0x0000000085d00000, 0x0000000085d00000, 0x0000000085e00000|  0%| F|  |TAMS 0x0000000085d00000, 0x0000000085d00000| Untracked 
|  94|0x0000000085e00000, 0x0000000085e00000, 0x0000000085f00000|  0%| F|  |TAMS 0x0000000085e00000, 0x0000000085e00000| Untracked 
|  95|0x0000000085f00000, 0x0000000085f00000, 0x0000000086000000|  0%| F|  |TAMS 0x0000000085f00000, 0x0000000085f00000| Untracked 
|  96|0x0000000086000000, 0x0000000086000000, 0x0000000086100000|  0%| F|  |TAMS 0x0000000086000000, 0x0000000086000000| Untracked 
|  97|0x0000000086100000, 0x0000000086100000, 0x0000000086200000|  0%| F|  |TAMS 0x0000000086100000, 0x0000000086100000| Untracked 
|  98|0x0000000086200000, 0x0000000086200000, 0x0000000086300000|  0%| F|  |TAMS 0x0000000086200000, 0x0000000086200000| Untracked 
|  99|0x0000000086300000, 0x0000000086300000, 0x0000000086400000|  0%| F|  |TAMS 0x0000000086300000, 0x0000000086300000| Untracked 
| 100|0x0000000086400000, 0x0000000086400000, 0x0000000086500000|  0%| F|  |TAMS 0x0000000086400000, 0x0000000086400000| Untracked 
| 101|0x0000000086500000, 0x0000000086500000, 0x0000000086600000|  0%| F|  |TAMS 0x0000000086500000, 0x0000000086500000| Untracked 
| 102|0x0000000086600000, 0x0000000086600000, 0x0000000086700000|  0%| F|  |TAMS 0x0000000086600000, 0x0000000086600000| Untracked 
| 103|0x0000000086700000, 0x0000000086700000, 0x0000000086800000|  0%| F|  |TAMS 0x0000000086700000, 0x0000000086700000| Untracked 
| 104|0x0000000086800000, 0x0000000086800000, 0x0000000086900000|  0%| F|  |TAMS 0x0000000086800000, 0x0000000086800000| Untracked 
| 105|0x0000000086900000, 0x0000000086900000, 0x0000000086a00000|  0%| F|  |TAMS 0x0000000086900000, 0x0000000086900000| Untracked 
| 106|0x0000000086a00000, 0x0000000086a9fff0, 0x0000000086b00000| 62%| S|CS|TAMS 0x0000000086a00000, 0x0000000086a00000| Complete 
| 107|0x0000000086b00000, 0x0000000086b00000, 0x0000000086c00000|  0%| F|  |TAMS 0x0000000086b00000, 0x0000000086b00000| Untracked 
| 108|0x0000000086c00000, 0x0000000086c00000, 0x0000000086d00000|  0%| F|  |TAMS 0x0000000086c00000, 0x0000000086c00000| Untracked 
| 109|0x0000000086d00000, 0x0000000086d00000, 0x0000000086e00000|  0%| F|  |TAMS 0x0000000086d00000, 0x0000000086d00000| Untracked 
| 110|0x0000000086e00000, 0x0000000086e00000, 0x0000000086f00000|  0%| F|  |TAMS 0x0000000086e00000, 0x0000000086e00000| Untracked 
| 111|0x0000000086f00000, 0x0000000086f00000, 0x0000000087000000|  0%| F|  |TAMS 0x0000000086f00000, 0x0000000086f00000| Untracked 
| 112|0x0000000087000000, 0x0000000087000000, 0x0000000087100000|  0%| F|  |TAMS 0x0000000087000000, 0x0000000087000000| Untracked 
| 113|0x0000000087100000, 0x0000000087100000, 0x0000000087200000|  0%| F|  |TAMS 0x0000000087100000, 0x0000000087100000| Untracked 
| 114|0x0000000087200000, 0x0000000087300000, 0x0000000087300000|100%| S|CS|TAMS 0x0000000087200000, 0x0000000087200000| Complete 
| 115|0x0000000087300000, 0x0000000087400000, 0x0000000087400000|100%| S|CS|TAMS 0x0000000087300000, 0x0000000087300000| Complete 
| 116|0x0000000087400000, 0x0000000087500000, 0x0000000087500000|100%| S|CS|TAMS 0x0000000087400000, 0x0000000087400000| Complete 
| 117|0x0000000087500000, 0x0000000087600000, 0x0000000087600000|100%| S|CS|TAMS 0x0000000087500000, 0x0000000087500000| Complete 
| 118|0x0000000087600000, 0x0000000087600000, 0x0000000087700000|  0%| F|  |TAMS 0x0000000087600000, 0x0000000087600000| Untracked 
| 119|0x0000000087700000, 0x0000000087700000, 0x0000000087800000|  0%| F|  |TAMS 0x0000000087700000, 0x0000000087700000| Untracked 
| 120|0x0000000087800000, 0x0000000087800000, 0x0000000087900000|  0%| F|  |TAMS 0x0000000087800000, 0x0000000087800000| Untracked 
| 121|0x0000000087900000, 0x0000000087900000, 0x0000000087a00000|  0%| F|  |TAMS 0x0000000087900000, 0x0000000087900000| Untracked 
| 122|0x0000000087a00000, 0x0000000087a00000, 0x0000000087b00000|  0%| F|  |TAMS 0x0000000087a00000, 0x0000000087a00000| Untracked 
| 123|0x0000000087b00000, 0x0000000087b00000, 0x0000000087c00000|  0%| F|  |TAMS 0x0000000087b00000, 0x0000000087b00000| Untracked 
| 124|0x0000000087c00000, 0x0000000087c00000, 0x0000000087d00000|  0%| F|  |TAMS 0x0000000087c00000, 0x0000000087c00000| Untracked 
| 125|0x0000000087d00000, 0x0000000087d00000, 0x0000000087e00000|  0%| F|  |TAMS 0x0000000087d00000, 0x0000000087d00000| Untracked 
| 126|0x0000000087e00000, 0x0000000087e00000, 0x0000000087f00000|  0%| F|  |TAMS 0x0000000087e00000, 0x0000000087e00000| Untracked 
| 127|0x0000000087f00000, 0x0000000087f00000, 0x0000000088000000|  0%| F|  |TAMS 0x0000000087f00000, 0x0000000087f00000| Untracked 
| 128|0x0000000088000000, 0x0000000088000000, 0x0000000088100000|  0%| F|  |TAMS 0x0000000088000000, 0x0000000088000000| Untracked 
| 129|0x0000000088100000, 0x0000000088100000, 0x0000000088200000|  0%| F|  |TAMS 0x0000000088100000, 0x0000000088100000| Untracked 
| 130|0x0000000088200000, 0x0000000088200000, 0x0000000088300000|  0%| F|  |TAMS 0x0000000088200000, 0x0000000088200000| Untracked 
| 131|0x0000000088300000, 0x0000000088300000, 0x0000000088400000|  0%| F|  |TAMS 0x0000000088300000, 0x0000000088300000| Untracked 
| 132|0x0000000088400000, 0x0000000088400000, 0x0000000088500000|  0%| F|  |TAMS 0x0000000088400000, 0x0000000088400000| Untracked 
| 133|0x0000000088500000, 0x0000000088500000, 0x0000000088600000|  0%| F|  |TAMS 0x0000000088500000, 0x0000000088500000| Untracked 
| 134|0x0000000088600000, 0x0000000088600000, 0x0000000088700000|  0%| F|  |TAMS 0x0000000088600000, 0x0000000088600000| Untracked 
| 135|0x0000000088700000, 0x0000000088700000, 0x0000000088800000|  0%| F|  |TAMS 0x0000000088700000, 0x0000000088700000| Untracked 
| 136|0x0000000088800000, 0x0000000088800000, 0x0000000088900000|  0%| F|  |TAMS 0x0000000088800000, 0x0000000088800000| Untracked 
| 137|0x0000000088900000, 0x0000000088900000, 0x0000000088a00000|  0%| F|  |TAMS 0x0000000088900000, 0x0000000088900000| Untracked 
| 138|0x0000000088a00000, 0x0000000088a00000, 0x0000000088b00000|  0%| F|  |TAMS 0x0000000088a00000, 0x0000000088a00000| Untracked 
| 139|0x0000000088b00000, 0x0000000088b00000, 0x0000000088c00000|  0%| F|  |TAMS 0x0000000088b00000, 0x0000000088b00000| Untracked 
| 140|0x0000000088c00000, 0x0000000088c00000, 0x0000000088d00000|  0%| F|  |TAMS 0x0000000088c00000, 0x0000000088c00000| Untracked 
| 141|0x0000000088d00000, 0x0000000088d00000, 0x0000000088e00000|  0%| F|  |TAMS 0x0000000088d00000, 0x0000000088d00000| Untracked 
| 142|0x0000000088e00000, 0x0000000088e00000, 0x0000000088f00000|  0%| F|  |TAMS 0x0000000088e00000, 0x0000000088e00000| Untracked 
| 143|0x0000000088f00000, 0x0000000088f00000, 0x0000000089000000|  0%| F|  |TAMS 0x0000000088f00000, 0x0000000088f00000| Untracked 
| 144|0x0000000089000000, 0x0000000089000000, 0x0000000089100000|  0%| F|  |TAMS 0x0000000089000000, 0x0000000089000000| Untracked 
| 145|0x0000000089100000, 0x0000000089100000, 0x0000000089200000|  0%| F|  |TAMS 0x0000000089100000, 0x0000000089100000| Untracked 
| 146|0x0000000089200000, 0x0000000089200000, 0x0000000089300000|  0%| F|  |TAMS 0x0000000089200000, 0x0000000089200000| Untracked 
| 147|0x0000000089300000, 0x0000000089300000, 0x0000000089400000|  0%| F|  |TAMS 0x0000000089300000, 0x0000000089300000| Untracked 
| 148|0x0000000089400000, 0x0000000089400000, 0x0000000089500000|  0%| F|  |TAMS 0x0000000089400000, 0x0000000089400000| Untracked 
| 149|0x0000000089500000, 0x0000000089500000, 0x0000000089600000|  0%| F|  |TAMS 0x0000000089500000, 0x0000000089500000| Untracked 
| 150|0x0000000089600000, 0x0000000089600000, 0x0000000089700000|  0%| F|  |TAMS 0x0000000089600000, 0x0000000089600000| Untracked 
| 151|0x0000000089700000, 0x0000000089700000, 0x0000000089800000|  0%| F|  |TAMS 0x0000000089700000, 0x0000000089700000| Untracked 
| 152|0x0000000089800000, 0x0000000089800000, 0x0000000089900000|  0%| F|  |TAMS 0x0000000089800000, 0x0000000089800000| Untracked 
| 153|0x0000000089900000, 0x0000000089900000, 0x0000000089a00000|  0%| F|  |TAMS 0x0000000089900000, 0x0000000089900000| Untracked 
| 154|0x0000000089a00000, 0x0000000089a00000, 0x0000000089b00000|  0%| F|  |TAMS 0x0000000089a00000, 0x0000000089a00000| Untracked 
| 155|0x0000000089b00000, 0x0000000089b00000, 0x0000000089c00000|  0%| F|  |TAMS 0x0000000089b00000, 0x0000000089b00000| Untracked 
| 156|0x0000000089c00000, 0x0000000089c00000, 0x0000000089d00000|  0%| F|  |TAMS 0x0000000089c00000, 0x0000000089c00000| Untracked 
| 157|0x0000000089d00000, 0x0000000089d00000, 0x0000000089e00000|  0%| F|  |TAMS 0x0000000089d00000, 0x0000000089d00000| Untracked 
| 158|0x0000000089e00000, 0x0000000089e00000, 0x0000000089f00000|  0%| F|  |TAMS 0x0000000089e00000, 0x0000000089e00000| Untracked 
| 159|0x0000000089f00000, 0x0000000089f00000, 0x000000008a000000|  0%| F|  |TAMS 0x0000000089f00000, 0x0000000089f00000| Untracked 
| 160|0x000000008a000000, 0x000000008a000000, 0x000000008a100000|  0%| F|  |TAMS 0x000000008a000000, 0x000000008a000000| Untracked 
| 161|0x000000008a100000, 0x000000008a100000, 0x000000008a200000|  0%| F|  |TAMS 0x000000008a100000, 0x000000008a100000| Untracked 
| 162|0x000000008a200000, 0x000000008a200000, 0x000000008a300000|  0%| F|  |TAMS 0x000000008a200000, 0x000000008a200000| Untracked 
| 163|0x000000008a300000, 0x000000008a300000, 0x000000008a400000|  0%| F|  |TAMS 0x000000008a300000, 0x000000008a300000| Untracked 
| 164|0x000000008a400000, 0x000000008a400000, 0x000000008a500000|  0%| F|  |TAMS 0x000000008a400000, 0x000000008a400000| Untracked 
| 165|0x000000008a500000, 0x000000008a500000, 0x000000008a600000|  0%| F|  |TAMS 0x000000008a500000, 0x000000008a500000| Untracked 
| 166|0x000000008a600000, 0x000000008a600000, 0x000000008a700000|  0%| F|  |TAMS 0x000000008a600000, 0x000000008a600000| Untracked 
| 167|0x000000008a700000, 0x000000008a700000, 0x000000008a800000|  0%| F|  |TAMS 0x000000008a700000, 0x000000008a700000| Untracked 
| 168|0x000000008a800000, 0x000000008a800000, 0x000000008a900000|  0%| F|  |TAMS 0x000000008a800000, 0x000000008a800000| Untracked 
| 169|0x000000008a900000, 0x000000008aa00000, 0x000000008aa00000|100%| E|  |TAMS 0x000000008a900000, 0x000000008a900000| Complete 
| 170|0x000000008aa00000, 0x000000008ab00000, 0x000000008ab00000|100%| E|CS|TAMS 0x000000008aa00000, 0x000000008aa00000| Complete 
| 171|0x000000008ab00000, 0x000000008ac00000, 0x000000008ac00000|100%| E|CS|TAMS 0x000000008ab00000, 0x000000008ab00000| Complete 
| 172|0x000000008ac00000, 0x000000008ad00000, 0x000000008ad00000|100%| E|CS|TAMS 0x000000008ac00000, 0x000000008ac00000| Complete 
| 173|0x000000008ad00000, 0x000000008ae00000, 0x000000008ae00000|100%| E|CS|TAMS 0x000000008ad00000, 0x000000008ad00000| Complete 
| 174|0x000000008ae00000, 0x000000008af00000, 0x000000008af00000|100%| E|CS|TAMS 0x000000008ae00000, 0x000000008ae00000| Complete 
| 175|0x000000008af00000, 0x000000008b000000, 0x000000008b000000|100%| E|CS|TAMS 0x000000008af00000, 0x000000008af00000| Complete 
| 176|0x000000008b000000, 0x000000008b100000, 0x000000008b100000|100%| E|CS|TAMS 0x000000008b000000, 0x000000008b000000| Complete 
| 177|0x000000008b100000, 0x000000008b200000, 0x000000008b200000|100%| E|CS|TAMS 0x000000008b100000, 0x000000008b100000| Complete 
| 178|0x000000008b200000, 0x000000008b300000, 0x000000008b300000|100%| E|CS|TAMS 0x000000008b200000, 0x000000008b200000| Complete 
| 179|0x000000008b300000, 0x000000008b400000, 0x000000008b400000|100%| E|CS|TAMS 0x000000008b300000, 0x000000008b300000| Complete 
| 180|0x000000008b400000, 0x000000008b500000, 0x000000008b500000|100%| E|CS|TAMS 0x000000008b400000, 0x000000008b400000| Complete 
| 181|0x000000008b500000, 0x000000008b600000, 0x000000008b600000|100%| E|CS|TAMS 0x000000008b500000, 0x000000008b500000| Complete 
| 182|0x000000008b600000, 0x000000008b700000, 0x000000008b700000|100%| E|CS|TAMS 0x000000008b600000, 0x000000008b600000| Complete 
| 183|0x000000008b700000, 0x000000008b800000, 0x000000008b800000|100%| E|CS|TAMS 0x000000008b700000, 0x000000008b700000| Complete 
| 184|0x000000008b800000, 0x000000008b900000, 0x000000008b900000|100%| E|CS|TAMS 0x000000008b800000, 0x000000008b800000| Complete 

Card table byte_map: [0x000001a735030000,0x000001a735430000] _byte_map_base: 0x000001a734c30000

Marking Bits (Prev, Next): (CMBitMap*) 0x000001a71e192440, (CMBitMap*) 0x000001a71e192480
 Prev Bits: [0x000001a735830000, 0x000001a737830000)
 Next Bits: [0x000001a737830000, 0x000001a739830000)

Polling page: 0x000001a71c080000

Metaspace:

Usage:
  Non-class:     59.51 MB used.
      Class:      9.78 MB used.
       Both:     69.30 MB used.

Virtual space:
  Non-class space:       64.00 MB reserved,      59.94 MB ( 94%) committed,  1 nodes.
      Class space:      416.00 MB reserved,      10.19 MB (  2%) committed,  1 nodes.
             Both:      480.00 MB reserved,      70.12 MB ( 15%) committed. 

Chunk freelists:
   Non-Class:  3.64 MB
       Class:  5.85 MB
        Both:  9.49 MB

MaxMetaspaceSize: 512.00 MB
CompressedClassSpaceSize: 416.00 MB
Initial GC threshold: 21.00 MB
Current GC threshold: 100.88 MB
CDS: on
MetaspaceReclaimPolicy: balanced
 - commit_granule_bytes: 65536.
 - commit_granule_words: 8192.
 - virtual_space_node_default_size: 8388608.
 - enlarge_chunks_in_place: 1.
 - new_chunks_are_fully_committed: 0.
 - uncommit_free_chunks: 1.
 - use_allocation_guard: 0.
 - handle_deallocations: 1.


Internal statistics:

num_allocs_failed_limit: 6.
num_arena_births: 1042.
num_arena_deaths: 0.
num_vsnodes_births: 2.
num_vsnodes_deaths: 0.
num_space_committed: 1122.
num_space_uncommitted: 0.
num_chunks_returned_to_freelist: 6.
num_chunks_taken_from_freelist: 4122.
num_chunk_merges: 6.
num_chunk_splits: 2658.
num_chunks_enlarged: 1683.
num_inconsistent_stats: 0.

CodeHeap 'non-profiled nmethods': size=120000Kb used=5648Kb max_used=5648Kb free=114351Kb
 bounds [0x000001a72d700000, 0x000001a72dc90000, 0x000001a734c30000]
CodeHeap 'profiled nmethods': size=120000Kb used=19709Kb max_used=19709Kb free=100290Kb
 bounds [0x000001a725c30000, 0x000001a726f70000, 0x000001a72d160000]
CodeHeap 'non-nmethods': size=5760Kb used=2374Kb max_used=2432Kb free=3385Kb
 bounds [0x000001a72d160000, 0x000001a72d3d0000, 0x000001a72d700000]
 total_blobs=10913 nmethods=10010 adapters=814
 compilation: enabled
              stopped_count=0, restarted_count=0
 full_count=0

Compilation events (20 events):
Event: 38.516 Thread 0x000001a73bcf4dc0 nmethod 10762 0x000001a72dc74b10 code [0x000001a72dc74ca0, 0x000001a72dc74ec8]
Event: 38.517 Thread 0x000001a73bcf4dc0 10782       4       org.gradle.cache.internal.ExclusiveCacheAccessingWorker$1::call (10 bytes)
Event: 38.519 Thread 0x000001a73bcff9b0 10783       3       com.esotericsoftware.kryo.io.Output::writeBytes (90 bytes)
Event: 38.520 Thread 0x000001a73bcff9b0 nmethod 10783 0x000001a726f64510 code [0x000001a726f64700, 0x000001a726f64ca8]
Event: 38.529 Thread 0x000001a73bcff9b0 10785       3       com.google.common.collect.AbstractMapEntry::hashCode (36 bytes)
Event: 38.529 Thread 0x000001a73bcff9b0 nmethod 10785 0x000001a726f64e90 code [0x000001a726f65060, 0x000001a726f653f8]
Event: 38.540 Thread 0x000001a73bcff9b0 10786       3       org.codehaus.groovy.runtime.metaclass.MetaMethodIndex::resize (103 bytes)
Event: 38.541 Thread 0x000001a73bcff9b0 nmethod 10786 0x000001a726f65590 code [0x000001a726f65760, 0x000001a726f65d38]
Event: 38.542 Thread 0x000001a73bcff9b0 10787       3       com.sun.beans.util.Cache$CacheEntry::matches (53 bytes)
Event: 38.543 Thread 0x000001a73bcff9b0 nmethod 10787 0x000001a726f65f10 code [0x000001a726f660e0, 0x000001a726f66598]
Event: 38.544 Thread 0x000001a73bcff9b0 10788       3       groovyjarjarasm.asm.Symbol::<init> (38 bytes)
Event: 38.544 Thread 0x000001a73bcff9b0 nmethod 10788 0x000001a726f66710 code [0x000001a726f668c0, 0x000001a726f66b58]
Event: 38.544 Thread 0x000001a73bcff9b0 10790       3       groovyjarjarasm.asm.ByteVector::putUTF8 (144 bytes)
Event: 38.545 Thread 0x000001a73bcff9b0 nmethod 10790 0x000001a726f66c90 code [0x000001a726f66f00, 0x000001a726f67a68]
Event: 38.545 Thread 0x000001a73bcff9b0 10789       3       groovyjarjarasm.asm.SymbolTable::put (150 bytes)
Event: 38.545 Thread 0x000001a73bcff9b0 nmethod 10789 0x000001a726f67f90 code [0x000001a726f68180, 0x000001a726f68a18]
Event: 38.547 Thread 0x000001a73bcff9b0 10791       3       jdk.internal.loader.URLClassPath$Loader::<init> (10 bytes)
Event: 38.547 Thread 0x000001a73bcff9b0 nmethod 10791 0x000001a726f68d10 code [0x000001a726f68ea0, 0x000001a726f69058]
Event: 38.555 Thread 0x000001a73bcff9b0 10793       3       jdk.internal.loader.URLClassPath$3::run (172 bytes)
Event: 38.556 Thread 0x000001a73bcff9b0 nmethod 10793 0x000001a726f69110 code [0x000001a726f69440, 0x000001a726f6a628]

GC Heap History (20 events):
Event: 21.719 GC heap before
{Heap before GC invocations=21 (full 0):
 garbage-first heap   total 92160K, used 61157K [0x0000000080000000, 0x0000000100000000)
  region size 1024K, 5 young (5120K), 4 survivors (4096K)
 Metaspace       used 56797K, committed 57408K, reserved 491520K
  class space    used 8092K, committed 8384K, reserved 425984K
}
Event: 21.722 GC heap after
{Heap after GC invocations=22 (full 0):
 garbage-first heap   total 92160K, used 61072K [0x0000000080000000, 0x0000000100000000)
  region size 1024K, 1 young (1024K), 1 survivors (1024K)
 Metaspace       used 56797K, committed 57408K, reserved 491520K
  class space    used 8092K, committed 8384K, reserved 425984K
}
Event: 22.201 GC heap before
{Heap before GC invocations=22 (full 0):
 garbage-first heap   total 92160K, used 76432K [0x0000000080000000, 0x0000000100000000)
  region size 1024K, 16 young (16384K), 1 survivors (1024K)
 Metaspace       used 58020K, committed 58688K, reserved 491520K
  class space    used 8237K, committed 8576K, reserved 425984K
}
Event: 22.203 GC heap after
{Heap after GC invocations=23 (full 0):
 garbage-first heap   total 92160K, used 61834K [0x0000000080000000, 0x0000000100000000)
  region size 1024K, 2 young (2048K), 2 survivors (2048K)
 Metaspace       used 58020K, committed 58688K, reserved 491520K
  class space    used 8237K, committed 8576K, reserved 425984K
}
Event: 22.463 GC heap before
{Heap before GC invocations=24 (full 0):
 garbage-first heap   total 114688K, used 76170K [0x0000000080000000, 0x0000000100000000)
  region size 1024K, 16 young (16384K), 2 survivors (2048K)
 Metaspace       used 59100K, committed 59712K, reserved 491520K
  class space    used 8381K, committed 8704K, reserved 425984K
}
Event: 22.467 GC heap after
{Heap after GC invocations=25 (full 0):
 garbage-first heap   total 114688K, used 62996K [0x0000000080000000, 0x0000000100000000)
  region size 1024K, 2 young (2048K), 2 survivors (2048K)
 Metaspace       used 59100K, committed 59712K, reserved 491520K
  class space    used 8381K, committed 8704K, reserved 425984K
}
Event: 22.539 GC heap before
{Heap before GC invocations=25 (full 0):
 garbage-first heap   total 114688K, used 65044K [0x0000000080000000, 0x0000000100000000)
  region size 1024K, 5 young (5120K), 2 survivors (2048K)
 Metaspace       used 59281K, committed 59904K, reserved 491520K
  class space    used 8414K, committed 8768K, reserved 425984K
}
Event: 22.542 GC heap after
{Heap after GC invocations=26 (full 0):
 garbage-first heap   total 114688K, used 61805K [0x0000000080000000, 0x0000000100000000)
  region size 1024K, 1 young (1024K), 1 survivors (1024K)
 Metaspace       used 59281K, committed 59904K, reserved 491520K
  class space    used 8414K, committed 8768K, reserved 425984K
}
Event: 22.953 GC heap before
{Heap before GC invocations=26 (full 0):
 garbage-first heap   total 114688K, used 93549K [0x0000000080000000, 0x0000000100000000)
  region size 1024K, 32 young (32768K), 1 survivors (1024K)
 Metaspace       used 61149K, committed 61824K, reserved 491520K
  class space    used 8661K, committed 8960K, reserved 425984K
}
Event: 22.956 GC heap after
{Heap after GC invocations=27 (full 0):
 garbage-first heap   total 189440K, used 62545K [0x0000000080000000, 0x0000000100000000)
  region size 1024K, 1 young (1024K), 1 survivors (1024K)
 Metaspace       used 61149K, committed 61824K, reserved 491520K
  class space    used 8661K, committed 8960K, reserved 425984K
}
Event: 25.704 GC heap before
{Heap before GC invocations=28 (full 0):
 garbage-first heap   total 189440K, used 150609K [0x0000000080000000, 0x0000000100000000)
  region size 1024K, 87 young (89088K), 1 survivors (1024K)
 Metaspace       used 65451K, committed 66176K, reserved 491520K
  class space    used 9252K, committed 9600K, reserved 425984K
}
Event: 25.713 GC heap after
{Heap after GC invocations=29 (full 0):
 garbage-first heap   total 189440K, used 70512K [0x0000000080000000, 0x0000000100000000)
  region size 1024K, 9 young (9216K), 9 survivors (9216K)
 Metaspace       used 65451K, committed 66176K, reserved 491520K
  class space    used 9252K, committed 9600K, reserved 425984K
}
Event: 25.779 GC heap before
{Heap before GC invocations=29 (full 0):
 garbage-first heap   total 189440K, used 71536K [0x0000000080000000, 0x0000000100000000)
  region size 1024K, 10 young (10240K), 9 survivors (9216K)
 Metaspace       used 65666K, committed 66368K, reserved 491520K
  class space    used 9274K, committed 9600K, reserved 425984K
}
Event: 25.793 GC heap after
{Heap after GC invocations=30 (full 0):
 garbage-first heap   total 189440K, used 70907K [0x0000000080000000, 0x0000000100000000)
  region size 1024K, 1 young (1024K), 1 survivors (1024K)
 Metaspace       used 65666K, committed 66368K, reserved 491520K
  class space    used 9274K, committed 9600K, reserved 425984K
}
Event: 35.076 GC heap before
{Heap before GC invocations=30 (full 0):
 garbage-first heap   total 189440K, used 150779K [0x0000000080000000, 0x0000000100000000)
  region size 1024K, 78 young (79872K), 1 survivors (1024K)
 Metaspace       used 70150K, committed 70976K, reserved 491520K
  class space    used 9988K, committed 10368K, reserved 425984K
}
Event: 35.084 GC heap after
{Heap after GC invocations=31 (full 0):
 garbage-first heap   total 189440K, used 77937K [0x0000000080000000, 0x0000000100000000)
  region size 1024K, 8 young (8192K), 8 survivors (8192K)
 Metaspace       used 70150K, committed 70976K, reserved 491520K
  class space    used 9988K, committed 10368K, reserved 425984K
}
Event: 37.072 GC heap before
{Heap before GC invocations=31 (full 0):
 garbage-first heap   total 189440K, used 150641K [0x0000000080000000, 0x0000000100000000)
  region size 1024K, 79 young (80896K), 8 survivors (8192K)
 Metaspace       used 70919K, committed 71744K, reserved 491520K
  class space    used 10016K, committed 10432K, reserved 425984K
}
Event: 37.086 GC heap after
{Heap after GC invocations=32 (full 0):
 garbage-first heap   total 189440K, used 82830K [0x0000000080000000, 0x0000000100000000)
  region size 1024K, 7 young (7168K), 7 survivors (7168K)
 Metaspace       used 70919K, committed 71744K, reserved 491520K
  class space    used 10016K, committed 10432K, reserved 425984K
}
Event: 38.304 GC heap before
{Heap before GC invocations=32 (full 0):
 garbage-first heap   total 189440K, used 150414K [0x0000000080000000, 0x0000000100000000)
  region size 1024K, 74 young (75776K), 7 survivors (7168K)
 Metaspace       used 70928K, committed 71744K, reserved 491520K
  class space    used 10016K, committed 10432K, reserved 425984K
}
Event: 38.311 GC heap after
{Heap after GC invocations=33 (full 0):
 garbage-first heap   total 189440K, used 85278K [0x0000000080000000, 0x0000000100000000)
  region size 1024K, 5 young (5120K), 5 survivors (5120K)
 Metaspace       used 70928K, committed 71744K, reserved 491520K
  class space    used 10016K, committed 10432K, reserved 425984K
}

Dll operation events (14 events):
Event: 0.015 Loaded shared library C:\Program Files\Microsoft\jdk-17.0.8.7-hotspot\bin\java.dll
Event: 0.035 Loaded shared library C:\Program Files\Microsoft\jdk-17.0.8.7-hotspot\bin\jsvml.dll
Event: 0.091 Loaded shared library C:\Program Files\Microsoft\jdk-17.0.8.7-hotspot\bin\zip.dll
Event: 0.101 Loaded shared library C:\Program Files\Microsoft\jdk-17.0.8.7-hotspot\bin\instrument.dll
Event: 0.105 Loaded shared library C:\Program Files\Microsoft\jdk-17.0.8.7-hotspot\bin\net.dll
Event: 0.107 Loaded shared library C:\Program Files\Microsoft\jdk-17.0.8.7-hotspot\bin\nio.dll
Event: 0.110 Loaded shared library C:\Program Files\Microsoft\jdk-17.0.8.7-hotspot\bin\zip.dll
Event: 0.425 Loaded shared library C:\Program Files\Microsoft\jdk-17.0.8.7-hotspot\bin\jimage.dll
Event: 0.570 Loaded shared library C:\Program Files\Microsoft\jdk-17.0.8.7-hotspot\bin\verify.dll
Event: 0.791 Loaded shared library C:\Users\Asus\.gradle\native\c067742578af261105cb4f569cf0c3c89f3d7b1fecec35dd04571415982c5e48\windows-amd64\native-platform.dll
Event: 1.064 Loaded shared library C:\Users\Asus\.gradle\native\100fb08df4bc3b14c8652ba06237920a3bd2aa13389f12d3474272988ae205f9\windows-amd64\native-platform-file-events.dll
Event: 3.976 Loaded shared library C:\Program Files\Microsoft\jdk-17.0.8.7-hotspot\bin\management.dll
Event: 3.983 Loaded shared library C:\Program Files\Microsoft\jdk-17.0.8.7-hotspot\bin\management_ext.dll
Event: 4.807 Loaded shared library C:\Program Files\Microsoft\jdk-17.0.8.7-hotspot\bin\sunmscapi.dll

Deoptimization events (20 events):
Event: 38.339 Thread 0x000001a75cb84bb0 DEOPT PACKING pc=0x000001a72dc57a68 sp=0x0000004ad88f6f70
Event: 38.339 Thread 0x000001a75cb84bb0 DEOPT UNPACKING pc=0x000001a72d1b69a3 sp=0x0000004ad88f6de0 mode 2
Event: 38.412 Thread 0x000001a75d8ae5a0 Uncommon trap: trap_request=0xffffffd6 fr.pc=0x000001a72dc69d8c relative=0x000000000000290c
Event: 38.412 Thread 0x000001a75d8ae5a0 Uncommon trap: reason=array_check action=maybe_recompile pc=0x000001a72dc69d8c method=java.util.TimSort.reverseRange([Ljava/lang/Object;II)V @ 27 c2
Event: 38.412 Thread 0x000001a75d8ae5a0 DEOPT PACKING pc=0x000001a72dc69d8c sp=0x0000004ada0fd400
Event: 38.412 Thread 0x000001a75d8ae5a0 DEOPT UNPACKING pc=0x000001a72d1b69a3 sp=0x0000004ada0fd2d8 mode 2
Event: 38.522 Thread 0x000001a75cb84bb0 DEOPT PACKING pc=0x000001a726526959 sp=0x0000004ad88f8eb0
Event: 38.522 Thread 0x000001a75cb84bb0 DEOPT UNPACKING pc=0x000001a72d1b7143 sp=0x0000004ad88f83a8 mode 0
Event: 38.525 Thread 0x000001a75cb84bb0 DEOPT PACKING pc=0x000001a726526959 sp=0x0000004ad88f8eb0
Event: 38.525 Thread 0x000001a75cb84bb0 DEOPT UNPACKING pc=0x000001a72d1b7143 sp=0x0000004ad88f83a8 mode 0
Event: 38.528 Thread 0x000001a75cb84bb0 DEOPT PACKING pc=0x000001a726526959 sp=0x0000004ad88f8eb0
Event: 38.528 Thread 0x000001a75cb84bb0 DEOPT UNPACKING pc=0x000001a72d1b7143 sp=0x0000004ad88f83a8 mode 0
Event: 38.549 Thread 0x000001a75cb84bb0 DEOPT PACKING pc=0x000001a725e96061 sp=0x0000004ad88f7980
Event: 38.549 Thread 0x000001a75cb84bb0 DEOPT UNPACKING pc=0x000001a72d1b7143 sp=0x0000004ad88f6f00 mode 0
Event: 38.557 Thread 0x000001a75cb84bb0 Uncommon trap: trap_request=0xffffff45 fr.pc=0x000001a72d982ab8 relative=0x0000000000001cf8
Event: 38.557 Thread 0x000001a75cb84bb0 Uncommon trap: reason=unstable_if action=reinterpret pc=0x000001a72d982ab8 method=java.util.zip.ZipFile.getInputStream(Ljava/util/zip/ZipEntry;)Ljava/io/InputStream; @ 101 c2
Event: 38.557 Thread 0x000001a75cb84bb0 DEOPT PACKING pc=0x000001a72d982ab8 sp=0x0000004ad88f7c50
Event: 38.557 Thread 0x000001a75cb84bb0 DEOPT UNPACKING pc=0x000001a72d1b69a3 sp=0x0000004ad88f7c08 mode 2
Event: 38.561 Thread 0x000001a75cb84bb0 DEOPT PACKING pc=0x000001a725e96061 sp=0x0000004ad88f7920
Event: 38.561 Thread 0x000001a75cb84bb0 DEOPT UNPACKING pc=0x000001a72d1b7143 sp=0x0000004ad88f6ea0 mode 0

Classes unloaded (0 events):
No events

Classes redefined (0 events):
No events

Internal exceptions (20 events):
Event: 35.092 Thread 0x000001a75cb84bb0 Exception <a 'java/lang/ClassNotFoundException'{0x000000008b774598}: org/gradle/api/internal/DefaultDomainObjectCollectionBeanInfo> (0x000000008b774598) 
thrown [s\src\hotspot\share\classfile\systemDictionary.cpp, line 256]
Event: 35.092 Thread 0x000001a75cb84bb0 Exception <a 'java/lang/ClassNotFoundException'{0x000000008b77c380}: java/util/AbstractCollectionBeanInfo> (0x000000008b77c380) 
thrown [s\src\hotspot\share\classfile\systemDictionary.cpp, line 256]
Event: 35.093 Thread 0x000001a75cb84bb0 Exception <a 'java/lang/ClassNotFoundException'{0x000000008b7843a8}: java/util/AbstractCollectionCustomizer> (0x000000008b7843a8) 
thrown [s\src\hotspot\share\classfile\systemDictionary.cpp, line 256]
Event: 35.097 Thread 0x000001a75cb84bb0 Exception <a 'java/lang/ClassNotFoundException'{0x000000008b7a3ec8}: org/gradle/api/internal/DefaultDomainObjectCollectionCustomizer> (0x000000008b7a3ec8) 
thrown [s\src\hotspot\share\classfile\systemDictionary.cpp, line 256]
Event: 35.099 Thread 0x000001a75cb84bb0 Exception <a 'java/lang/ClassNotFoundException'{0x000000008b7da338}: org/gradle/api/internal/DefaultNamedDomainObjectCollectionCustomizer> (0x000000008b7da338) 
thrown [s\src\hotspot\share\classfile\systemDictionary.cpp, line 256]
Event: 35.101 Thread 0x000001a75cb84bb0 Exception <a 'java/lang/ClassNotFoundException'{0x000000008b61d178}: org/gradle/api/internal/DefaultNamedDomainObjectListCustomizer> (0x000000008b61d178) 
thrown [s\src\hotspot\share\classfile\systemDictionary.cpp, line 256]
Event: 35.103 Thread 0x000001a75cb84bb0 Exception <a 'java/lang/ClassNotFoundException'{0x000000008b653630}: org/gradle/api/internal/artifacts/DefaultArtifactRepositoryContainerCustomizer> (0x000000008b653630) 
thrown [s\src\hotspot\share\classfile\systemDictionary.cpp, line 256]
Event: 35.106 Thread 0x000001a75cb84bb0 Exception <a 'java/lang/ClassNotFoundException'{0x000000008b67df80}: org/gradle/api/internal/artifacts/dsl/DefaultRepositoryHandlerCustomizer> (0x000000008b67df80) 
thrown [s\src\hotspot\share\classfile\systemDictionary.cpp, line 256]
Event: 35.108 Thread 0x000001a75cb84bb0 Exception <a 'java/lang/ClassNotFoundException'{0x000000008b6b64e8}: org/gradle/api/internal/artifacts/dsl/DefaultRepositoryHandler_DecoratedCustomizer> (0x000000008b6b64e8) 
thrown [s\src\hotspot\share\classfile\systemDictionary.cpp, line 256]
Event: 35.118 Thread 0x000001a75cb84bb0 Exception <a 'java/lang/ClassNotFoundException'{0x000000008b55ff00}: org/gradle/api/internal/artifacts/dsl/dependencies/DefaultDependencyHandler_DecoratedBeanInfo> (0x000000008b55ff00) 
thrown [s\src\hotspot\share\classfile\systemDictionary.cpp, line 256]
Event: 35.118 Thread 0x000001a75cb84bb0 Exception <a 'java/lang/ClassNotFoundException'{0x000000008b577f90}: org/gradle/api/internal/artifacts/dsl/dependencies/DefaultDependencyHandlerBeanInfo> (0x000000008b577f90) 
thrown [s\src\hotspot\share\classfile\systemDictionary.cpp, line 256]
Event: 35.119 Thread 0x000001a75cb84bb0 Exception <a 'java/lang/ClassNotFoundException'{0x000000008b590758}: org/gradle/api/internal/artifacts/dsl/dependencies/DefaultDependencyHandlerCustomizer> (0x000000008b590758) 
thrown [s\src\hotspot\share\classfile\systemDictionary.cpp, line 256]
Event: 35.123 Thread 0x000001a75cb84bb0 Exception <a 'java/lang/ClassNotFoundException'{0x000000008b5d03c0}: org/gradle/api/internal/artifacts/dsl/dependencies/DefaultDependencyHandler_DecoratedCustomizer> (0x000000008b5d03c0) 
thrown [s\src\hotspot\share\classfile\systemDictionary.cpp, line 256]
Event: 36.471 Thread 0x000001a75ec1da90 Exception <a 'sun/nio/fs/WindowsException'{0x000000008a023370}> (0x000000008a023370) 
thrown [s\src\hotspot\share\prims\jni.cpp, line 516]
Event: 36.499 Thread 0x000001a75ec1da90 Exception <a 'sun/nio/fs/WindowsException'{0x000000008a025b48}> (0x000000008a025b48) 
thrown [s\src\hotspot\share\prims\jni.cpp, line 516]
Event: 36.500 Thread 0x000001a75ec1da90 Exception <a 'sun/nio/fs/WindowsException'{0x000000008a0280b0}> (0x000000008a0280b0) 
thrown [s\src\hotspot\share\prims\jni.cpp, line 516]
Event: 36.500 Thread 0x000001a75ec1da90 Exception <a 'sun/nio/fs/WindowsException'{0x000000008a02a430}> (0x000000008a02a430) 
thrown [s\src\hotspot\share\prims\jni.cpp, line 516]
Event: 37.843 Thread 0x000001a75d8ae5a0 Implicit null exception at 0x000001a72dc30033 to 0x000001a72dc30668
Event: 38.542 Thread 0x000001a75cb84bb0 Exception <a 'java/lang/ClassNotFoundException'{0x000000008aa4b438}: build_8lg1q7hptdxp23d9knf4781z1BeanInfo> (0x000000008aa4b438) 
thrown [s\src\hotspot\share\classfile\systemDictionary.cpp, line 256]
Event: 38.542 Thread 0x000001a75cb84bb0 Exception <a 'java/lang/ClassNotFoundException'{0x000000008aa526b0}: build_8lg1q7hptdxp23d9knf4781z1Customizer> (0x000000008aa526b0) 
thrown [s\src\hotspot\share\classfile\systemDictionary.cpp, line 256]

VM Operations (20 events):
Event: 33.637 Executing VM operation: ICBufferFull
Event: 33.638 Executing VM operation: ICBufferFull done
Event: 34.640 Executing VM operation: Cleanup
Event: 34.641 Executing VM operation: Cleanup done
Event: 35.076 Executing VM operation: G1CollectForAllocation
Event: 35.084 Executing VM operation: G1CollectForAllocation done
Event: 35.163 Executing VM operation: HandshakeAllThreads
Event: 35.163 Executing VM operation: HandshakeAllThreads done
Event: 35.510 Executing VM operation: ICBufferFull
Event: 35.511 Executing VM operation: ICBufferFull done
Event: 36.411 Executing VM operation: ICBufferFull
Event: 36.411 Executing VM operation: ICBufferFull done
Event: 36.695 Executing VM operation: ICBufferFull
Event: 36.695 Executing VM operation: ICBufferFull done
Event: 37.072 Executing VM operation: G1CollectForAllocation
Event: 37.088 Executing VM operation: G1CollectForAllocation done
Event: 38.101 Executing VM operation: Cleanup
Event: 38.101 Executing VM operation: Cleanup done
Event: 38.304 Executing VM operation: G1CollectForAllocation
Event: 38.312 Executing VM operation: G1CollectForAllocation done

Events (20 events):
Event: 34.991 Thread 0x000001a75e97bc00 Thread added: 0x000001a75e97bc00
Event: 35.030 Thread 0x000001a75e979890 Thread added: 0x000001a75e979890
Event: 35.092 loading class java/util/AbstractCollectionBeanInfo
Event: 35.092 loading class java/util/AbstractCollectionBeanInfo done
Event: 35.092 loading class java/util/AbstractCollectionBeanInfo
Event: 35.092 loading class java/util/AbstractCollectionBeanInfo done
Event: 35.092 loading class java/util/AbstractCollectionCustomizer
Event: 35.092 loading class java/util/AbstractCollectionCustomizer done
Event: 35.093 loading class java/util/AbstractCollectionCustomizer
Event: 35.093 loading class java/util/AbstractCollectionCustomizer done
Event: 35.093 loading class sun/reflect/generics/reflectiveObjects/GenericArrayTypeImpl
Event: 35.096 loading class sun/reflect/generics/reflectiveObjects/GenericArrayTypeImpl done
Event: 35.128 Thread 0x000001a75dff3080 Thread added: 0x000001a75dff3080
Event: 35.778 Thread 0x000001a75dff3080 Thread exited: 0x000001a75dff3080
Event: 36.417 Thread 0x000001a75e974790 Thread added: 0x000001a75e974790
Event: 36.417 Thread 0x000001a75e97c110 Thread added: 0x000001a75e97c110
Event: 36.417 Thread 0x000001a75e974ca0 Thread added: 0x000001a75e974ca0
Event: 36.430 Thread 0x000001a75e97a2b0 Thread added: 0x000001a75e97a2b0
Event: 37.723 Thread 0x000001a75d557e40 Thread added: 0x000001a75d557e40
Event: 38.535 Thread 0x000001a75e9756c0 Thread added: 0x000001a75e9756c0


Dynamic libraries:
0x00007ff7fdda0000 - 0x00007ff7fddae000 	C:\Program Files\Microsoft\jdk-17.0.8.7-hotspot\bin\java.exe
0x00007ff84b430000 - 0x00007ff84b628000 	C:\Windows\SYSTEM32\ntdll.dll
0x00007ff84ac20000 - 0x00007ff84ace2000 	C:\Windows\System32\KERNEL32.DLL
0x00007ff848f40000 - 0x00007ff84923e000 	C:\Windows\System32\KERNELBASE.dll
0x00007ff848e40000 - 0x00007ff848f40000 	C:\Windows\System32\ucrtbase.dll
0x00007ff841ca0000 - 0x00007ff841cbb000 	C:\Program Files\Microsoft\jdk-17.0.8.7-hotspot\bin\VCRUNTIME140.dll
0x00007ff841cc0000 - 0x00007ff841cd7000 	C:\Program Files\Microsoft\jdk-17.0.8.7-hotspot\bin\jli.dll
0x00007ff84aed0000 - 0x00007ff84b06d000 	C:\Windows\System32\USER32.dll
0x00007ff848cd0000 - 0x00007ff848cf2000 	C:\Windows\System32\win32u.dll
0x00007ff84add0000 - 0x00007ff84adfb000 	C:\Windows\System32\GDI32.dll
0x00007ff848ae0000 - 0x00007ff848bf7000 	C:\Windows\System32\gdi32full.dll
0x00007ff848c00000 - 0x00007ff848c9d000 	C:\Windows\System32\msvcp_win.dll
0x00007ff82e4f0000 - 0x00007ff82e78a000 	C:\Windows\WinSxS\amd64_microsoft.windows.common-controls_6595b64144ccf1df_6.0.19041.4355_none_60b8b9eb71f62e16\COMCTL32.dll
0x00007ff84ab80000 - 0x00007ff84ac1e000 	C:\Windows\System32\msvcrt.dll
0x00007ff8495e0000 - 0x00007ff84960f000 	C:\Windows\System32\IMM32.DLL
0x00007ff841c90000 - 0x00007ff841c9c000 	C:\Program Files\Microsoft\jdk-17.0.8.7-hotspot\bin\vcruntime140_1.dll
0x00007ff834e70000 - 0x00007ff834efd000 	C:\Program Files\Microsoft\jdk-17.0.8.7-hotspot\bin\msvcp140.dll
0x00007fffde940000 - 0x00007fffdf5a5000 	C:\Program Files\Microsoft\jdk-17.0.8.7-hotspot\bin\server\jvm.dll
0x00007ff84b070000 - 0x00007ff84b120000 	C:\Windows\System32\ADVAPI32.dll
0x00007ff84a340000 - 0x00007ff84a3e0000 	C:\Windows\System32\sechost.dll
0x00007ff84a7b0000 - 0x00007ff84a8d3000 	C:\Windows\System32\RPCRT4.dll
0x00007ff848ca0000 - 0x00007ff848cc7000 	C:\Windows\System32\bcrypt.dll
0x00007ff848940000 - 0x00007ff84898b000 	C:\Windows\SYSTEM32\POWRPROF.dll
0x00007ff836b60000 - 0x00007ff836b69000 	C:\Windows\SYSTEM32\WSOCK32.dll
0x00007ff83eb50000 - 0x00007ff83eb77000 	C:\Windows\SYSTEM32\WINMM.dll
0x00007ff83f970000 - 0x00007ff83f97a000 	C:\Windows\SYSTEM32\VERSION.dll
0x00007ff84b120000 - 0x00007ff84b18b000 	C:\Windows\System32\WS2_32.dll
0x00007ff848920000 - 0x00007ff848932000 	C:\Windows\SYSTEM32\UMPDC.dll
0x00007ff846940000 - 0x00007ff846952000 	C:\Windows\SYSTEM32\kernel.appcore.dll
0x00007ff841c80000 - 0x00007ff841c8a000 	C:\Program Files\Microsoft\jdk-17.0.8.7-hotspot\bin\jimage.dll
0x00007ff832a90000 - 0x00007ff832c74000 	C:\Windows\SYSTEM32\DBGHELP.DLL
0x00007ff8332d0000 - 0x00007ff833304000 	C:\Windows\SYSTEM32\dbgcore.DLL
0x00007ff848d00000 - 0x00007ff848d82000 	C:\Windows\System32\bcryptPrimitives.dll
0x00007ff828d10000 - 0x00007ff828d1e000 	C:\Program Files\Microsoft\jdk-17.0.8.7-hotspot\bin\instrument.dll
0x00007ff82a1e0000 - 0x00007ff82a205000 	C:\Program Files\Microsoft\jdk-17.0.8.7-hotspot\bin\java.dll
0x00007ff828d80000 - 0x00007ff828e57000 	C:\Program Files\Microsoft\jdk-17.0.8.7-hotspot\bin\jsvml.dll
0x00007ff849610000 - 0x00007ff849d7f000 	C:\Windows\System32\SHELL32.dll
0x00007ff846b40000 - 0x00007ff8472e4000 	C:\Windows\SYSTEM32\windows.storage.dll
0x00007ff84a440000 - 0x00007ff84a793000 	C:\Windows\System32\combase.dll
0x00007ff848360000 - 0x00007ff84838e000 	C:\Windows\SYSTEM32\Wldp.dll
0x00007ff849460000 - 0x00007ff84952d000 	C:\Windows\System32\OLEAUT32.dll
0x00007ff84ae20000 - 0x00007ff84aecd000 	C:\Windows\System32\SHCORE.dll
0x00007ff84ad70000 - 0x00007ff84adc5000 	C:\Windows\System32\shlwapi.dll
0x00007ff848a10000 - 0x00007ff848a34000 	C:\Windows\SYSTEM32\profapi.dll
0x00007ff82a1c0000 - 0x00007ff82a1d8000 	C:\Program Files\Microsoft\jdk-17.0.8.7-hotspot\bin\zip.dll
0x00007ff834e50000 - 0x00007ff834e69000 	C:\Program Files\Microsoft\jdk-17.0.8.7-hotspot\bin\net.dll
0x00007ff842c10000 - 0x00007ff842d1d000 	C:\Windows\SYSTEM32\WINHTTP.dll
0x00007ff848140000 - 0x00007ff8481aa000 	C:\Windows\system32\mswsock.dll
0x00007ff833790000 - 0x00007ff8337a6000 	C:\Program Files\Microsoft\jdk-17.0.8.7-hotspot\bin\nio.dll
0x00007ff834e30000 - 0x00007ff834e40000 	C:\Program Files\Microsoft\jdk-17.0.8.7-hotspot\bin\verify.dll
0x00007ff828d50000 - 0x00007ff828d77000 	C:\Users\Asus\.gradle\native\c067742578af261105cb4f569cf0c3c89f3d7b1fecec35dd04571415982c5e48\windows-amd64\native-platform.dll
0x00007ff8289d0000 - 0x00007ff828b14000 	C:\Users\Asus\.gradle\native\100fb08df4bc3b14c8652ba06237920a3bd2aa13389f12d3474272988ae205f9\windows-amd64\native-platform-file-events.dll
0x00007ff828d30000 - 0x00007ff828d39000 	C:\Program Files\Microsoft\jdk-17.0.8.7-hotspot\bin\management.dll
0x00007ff828d20000 - 0x00007ff828d2b000 	C:\Program Files\Microsoft\jdk-17.0.8.7-hotspot\bin\management_ext.dll
0x00007ff84a7a0000 - 0x00007ff84a7a8000 	C:\Windows\System32\PSAPI.DLL
0x00007ff8483a0000 - 0x00007ff8483b8000 	C:\Windows\SYSTEM32\CRYPTSP.dll
0x00007ff847a80000 - 0x00007ff847ab4000 	C:\Windows\system32\rsaenh.dll
0x00007ff848990000 - 0x00007ff8489be000 	C:\Windows\SYSTEM32\USERENV.dll
0x00007ff8482d0000 - 0x00007ff8482dc000 	C:\Windows\SYSTEM32\CRYPTBASE.dll
0x00007ff847e40000 - 0x00007ff847e7b000 	C:\Windows\SYSTEM32\IPHLPAPI.DLL
0x00007ff84b3e0000 - 0x00007ff84b3e8000 	C:\Windows\System32\NSI.dll
0x00007ff843520000 - 0x00007ff843537000 	C:\Windows\SYSTEM32\dhcpcsvc6.DLL
0x00007ff843350000 - 0x00007ff84336d000 	C:\Windows\SYSTEM32\dhcpcsvc.DLL
0x00007ff847e80000 - 0x00007ff847f4a000 	C:\Windows\SYSTEM32\DNSAPI.dll
0x00007ff83f010000 - 0x00007ff83f01e000 	C:\Program Files\Microsoft\jdk-17.0.8.7-hotspot\bin\sunmscapi.dll
0x00007ff849300000 - 0x00007ff84945c000 	C:\Windows\System32\CRYPT32.dll
0x00007ff8484b0000 - 0x00007ff8484d9000 	C:\Windows\SYSTEM32\ncrypt.dll
0x00007ff848470000 - 0x00007ff8484ab000 	C:\Windows\SYSTEM32\NTASN1.dll
0x00007ff813610000 - 0x00007ff813617000 	C:\Windows\system32\wshunix.dll
0x00007ff83edb0000 - 0x00007ff83edc7000 	C:\Windows\system32\napinsp.dll
0x00007ff836ff0000 - 0x00007ff83700b000 	C:\Windows\system32\pnrpnsp.dll
0x00007ff82ec50000 - 0x00007ff82ec65000 	C:\Windows\system32\wshbth.dll
0x00007ff8451d0000 - 0x00007ff8451ed000 	C:\Windows\system32\NLAapi.dll
0x00007ff836ec0000 - 0x00007ff836ed2000 	C:\Windows\System32\winrnr.dll
0x00007ff841bf0000 - 0x00007ff841bfa000 	C:\Windows\System32\rasadhlp.dll
0x00007ff8425e0000 - 0x00007ff842660000 	C:\Windows\System32\fwpuclnt.dll

dbghelp: loaded successfully - version: 4.0.5 - missing functions: none
symbol engine: initialized successfully - sym options: 0x614 - pdb path: .;C:\Program Files\Microsoft\jdk-17.0.8.7-hotspot\bin;C:\Windows\SYSTEM32;C:\Windows\WinSxS\amd64_microsoft.windows.common-controls_6595b64144ccf1df_6.0.19041.4355_none_60b8b9eb71f62e16;C:\Program Files\Microsoft\jdk-17.0.8.7-hotspot\bin\server;C:\Users\Asus\.gradle\native\c067742578af261105cb4f569cf0c3c89f3d7b1fecec35dd04571415982c5e48\windows-amd64;C:\Users\Asus\.gradle\native\100fb08df4bc3b14c8652ba06237920a3bd2aa13389f12d3474272988ae205f9\windows-amd64

VM Arguments:
jvm_args: -XX:MaxMetaspaceSize=512m --add-opens=java.base/java.util=ALL-UNNAMED --add-opens=java.base/java.lang=ALL-UNNAMED --add-opens=java.base/java.lang.invoke=ALL-UNNAMED --add-opens=java.prefs/java.util.prefs=ALL-UNNAMED --add-opens=java.base/java.nio.charset=ALL-UNNAMED --add-opens=java.base/java.net=ALL-UNNAMED --add-opens=java.base/java.util.concurrent.atomic=ALL-UNNAMED -Xmx2048m -Dfile.encoding=windows-1252 -Duser.country=US -Duser.language=en -Duser.variant -javaagent:C:\Users\Asus\.gradle\wrapper\dists\gradle-8.8-all\6gdy1pgp427xkqcjbxw3ylt6h\gradle-8.8\lib\agents\gradle-instrumentation-agent-8.8.jar 
java_command: org.gradle.launcher.daemon.bootstrap.GradleDaemon 8.8
java_class_path (initial): C:\Users\Asus\.gradle\wrapper\dists\gradle-8.8-all\6gdy1pgp427xkqcjbxw3ylt6h\gradle-8.8\lib\gradle-launcher-8.8.jar
Launcher Type: SUN_STANDARD

[Global flags]
     intx CICompilerCount                          = 3                                         {product} {ergonomic}
   size_t CompressedClassSpaceSize                 = 436207616                                 {product} {ergonomic}
     uint ConcGCThreads                            = 1                                         {product} {ergonomic}
     uint G1ConcRefinementThreads                  = 4                                         {product} {ergonomic}
   size_t G1HeapRegionSize                         = 1048576                                   {product} {ergonomic}
    uintx GCDrainStackTargetSize                   = 64                                        {product} {ergonomic}
   size_t InitialHeapSize                          = 134217728                                 {product} {ergonomic}
   size_t MarkStackSize                            = 4194304                                   {product} {ergonomic}
   size_t MaxHeapSize                              = 2147483648                                {product} {command line}
   size_t MaxMetaspaceSize                         = 536870912                                 {product} {command line}
   size_t MaxNewSize                               = 1287651328                                {product} {ergonomic}
   size_t MinHeapDeltaBytes                        = 1048576                                   {product} {ergonomic}
   size_t MinHeapSize                              = 8388608                                   {product} {ergonomic}
    uintx NonNMethodCodeHeapSize                   = 5832780                                {pd product} {ergonomic}
    uintx NonProfiledCodeHeapSize                  = 122912730                              {pd product} {ergonomic}
    uintx ProfiledCodeHeapSize                     = 122912730                              {pd product} {ergonomic}
    uintx ReservedCodeCacheSize                    = 251658240                              {pd product} {ergonomic}
     bool SegmentedCodeCache                       = true                                      {product} {ergonomic}
   size_t SoftMaxHeapSize                          = 2147483648                             {manageable} {ergonomic}
     bool UseCompressedClassPointers               = true                           {product lp64_product} {ergonomic}
     bool UseCompressedOops                        = true                           {product lp64_product} {ergonomic}
     bool UseG1GC                                  = true                                      {product} {ergonomic}
     bool UseLargePagesIndividualAllocation        = false                                  {pd product} {ergonomic}

Logging:
Log output configuration:
 #0: stdout all=warning uptime,level,tags
 #1: stderr all=off uptime,level,tags

Environment Variables:
JAVA_HOME=C:\Program Files\Microsoft\jdk-17.0.8.7-hotspot\
CLASSPATH=E:\AwesomeProject\android\\gradle\wrapper\gradle-wrapper.jar
PATH=E:\AwesomeProject\node_modules\.bin;E:\node_modules\.bin;C:\Users\Asus\AppData\Roaming\npm\node_modules\npm\node_modules\@npmcli\run-script\lib\node-gyp-bin;C:\Program Files\Microsoft\jdk-17.0.8.7-hotspot\bin;C:\Program Files\OpenLogic\jdk-11.0.21.9-hotspot\bin;C:\Program Files\Common Files\Oracle\Java\javapath;C:\Windows\system32;C:\Windows;C:\Windows\System32\Wbem;C:\Windows\System32\WindowsPowerShell\v1.0\;C:\Windows\System32\OpenSSH\;C:\Program Files\nodejs;C:\Program Files\nodejs;C:\ProgramData\Microsoft\Windows\Start Menu\Programs\Node.js;C:\Program Files (x86)\nodejs;C:\Program Files\Java\jdk-20\bin;C:\Program Files\MongoDB\Server\7.0\bin;C:\ProgramData\chocolatey\bin;C:\Program Files\Java\jdk-20\bin;C:\Program Files\Git\cmd;C:\Program Files\Git\bin;C:\Program Files\Git\cmd-;D:\MongoDB\Server\7.0\bin;C:\Program Files\MongoDB\Server\7.0\bin;C:\Program Files\MongoDB\Server\7.0\bin;C:\Program Files\MongoDB\Server\7.0\bin;C:\Users\Asus\AppData\Local\Android\Sdk\platform-tools;C:\Program Files\nodejs\;C:\Program Files (x86)\cloudflared\;C:\nginx-1.26.2;C:\nginx;C:\Users\Asus\AppData\Local\Android\Sdk\tools;C:\Users\Asus\AppData\Local\Programs\Python\Launcher\;C:\Users\Asus\AppData\Local\Microsoft\WindowsApps;C:\Users\Asus\AppData\Local\Programs\Microsoft VS Code\bin;C:\Program Files\nodejs;C:\Program Files\Java\jdk-20\bin;C:\Program Files\MongoDB\Server\7.0\bin;C:\Program Files\MongoDB\Server\7.0\bin;C:\Users\Asus\AppData\Local\Android\Sdk\platform-tools;C:\Program Files\MongoDB\Server\7.0\bin;C:\Program Files\MongoDB\Server\7.0\bin;C:\Program Files\MongoDB\Server\7.0\bin;C:\Users\Asus\AppData\Local\Android\Sdk;C:\Users\Asus\AppData\Local\Android\Sdk\emulator;C:\Users\Asus\AppData\Local\Android\Sdk\platform-tools;C:\Users\Asus\AppData\Local\Temp;C:\Users\Asus\AppData\Local\Microsoft\WinGet\Links;C:\Program Files\nodejs;C:\Program Files\MongoDB\Server\7.0\bin;C:\Users\Asus\AppData\Local\Android\Sdk\platform-tools;D:\android\.android\avd\Small_Phone_Edited_API_34.
USERNAME=Asus
OS=Windows_NT
PROCESSOR_IDENTIFIER=Intel64 Family 6 Model 58 Stepping 9, GenuineIntel
TMP=C:\Users\Asus\AppData\Local\Temp
TEMP=C:\Users\Asus\AppData\Local\Temp



---------------  S Y S T E M  ---------------

OS:
 Windows 10 , 64 bit Build 19041 (10.0.19041.4957)
OS uptime: 0 days 2:24 hours
Hyper-V role detected

CPU: total 4 (initial active 4) (4 cores per cpu, 1 threads per core) family 6 model 58 stepping 9 microcode 0x21, cx8, cmov, fxsr, mmx, sse, sse2, sse3, ssse3, sse4.1, sse4.2, popcnt, tsc, tscinvbit, avx, aes, erms, clmul, vzeroupper, clflush, hv
Processor Information for all 4 processors :
  Max Mhz: 3401, Current Mhz: 3401, Mhz Limit: 3401

Memory: 4k page, system-wide physical 8078M (434M free)
TotalPageFile size 17702M (AvailPageFile size 3123M)
current process WorkingSet (physical memory assigned to process): 404M, peak: 406M
current process commit charge ("private bytes"): 439M, peak: 441M

vm_info: OpenJDK 64-Bit Server VM (17.0.8+7-LTS) for windows-amd64 JRE (17.0.8+7-LTS), built on Jul  7 2023 17:21:55 by "MicrosoftCorporation" with MS VC++ 16.10 / 16.11 (VS2019)

END.
